<?xml version="1.0" encoding="UTF-8"?>
<robot generator="Robot 3.0.4 (Python 3.7.0 on win32)" generated="20181003 23:19:25.648">
<suite id="s1" name="InvalidCityTest &amp; PageLink Validation &amp; ValidCityTest &amp; WeatherInvalidLogin">
<suite id="s1-s1" name="InvalidCityTest" source="C:\Users\Anurag\dwhelper\weather_robot_framework_demo\tests\InvalidCityTest.robot">
<test id="s1-s1-t1" name="Should see correct error messages with invalid city name">
<kw name="Begin Web Test" library="Common" type="setup">
<kw name="Open Browser" library="Selenium2Library">
<doc>Opens a new browser instance to the given ``url``.</doc>
<arguments>
<arg>about:blank</arg>
<arg>${BROWSER}</arg>
</arguments>
<msg timestamp="20181003 23:19:26.381" level="INFO">Opening browser 'chrome' to base url 'about:blank'.</msg>
<status status="PASS" starttime="20181003 23:19:26.381" endtime="20181003 23:19:32.433"></status>
</kw>
<kw name="Maximize Browser Window" library="Selenium2Library">
<doc>Maximizes current browser window.</doc>
<status status="PASS" starttime="20181003 23:19:32.434" endtime="20181003 23:19:33.609"></status>
</kw>
<kw name="Delete All Cookies" library="Selenium2Library">
<doc>Deletes all cookies.</doc>
<status status="PASS" starttime="20181003 23:19:33.609" endtime="20181003 23:19:33.625"></status>
</kw>
<status status="PASS" starttime="20181003 23:19:26.381" endtime="20181003 23:19:33.640"></status>
</kw>
<kw name="Log To Console" library="BuiltIn">
<doc>Logs the given message to the console.</doc>
<arguments>
<arg>${HOME_BASE_URL.${ENVIRONMENT}}</arg>
</arguments>
<status status="PASS" starttime="20181003 23:19:33.640" endtime="20181003 23:19:33.640"></status>
</kw>
<kw name="Get CSV Data" library="DataManager">
<arguments>
<arg>${INVALID_CITY_PATH_CSV}</arg>
</arguments>
<assign>
<var>${InvalidLoginScenarios}</var>
</assign>
<kw name="Read Csv File" library="Csv">
<arguments>
<arg>${FilePath}</arg>
</arguments>
<assign>
<var>${Data}</var>
</assign>
<msg timestamp="20181003 23:19:33.640" level="INFO">${Data} = [['Newbomabai', 'IN', 'Not found']]</msg>
<status status="PASS" starttime="20181003 23:19:33.640" endtime="20181003 23:19:33.640"></status>
</kw>
<msg timestamp="20181003 23:19:33.640" level="INFO">${InvalidLoginScenarios} = [['Newbomabai', 'IN', 'Not found']]</msg>
<status status="PASS" starttime="20181003 23:19:33.640" endtime="20181003 23:19:33.640"></status>
</kw>
<kw name="Search with Many Invalid Values" library="InvalidCitySearch">
<arguments>
<arg>${InvalidLoginScenarios}</arg>
</arguments>
<kw name="${LocationScenario} IN [ @{InvalidLocationScenarios} ]" type="for">
<kw name="${LocationScenario} = ['Newbomabai', 'IN', 'Not found']" type="foritem">
<kw name="Run Keyword And Continue On Failure" library="BuiltIn">
<doc>Runs the keyword and continues execution even if a failure occurs.</doc>
<arguments>
<arg>InValidSearch.Navigate To</arg>
</arguments>
<kw name="Navigate To" library="InValidSearch">
<kw name="Go To" library="Selenium2Library">
<doc>Navigates the active browser instance to the provided ``url``.</doc>
<arguments>
<arg>${BASE_URL.${ENVIRONMENT}}</arg>
</arguments>
<msg timestamp="20181003 23:19:33.656" level="INFO">Opening url 'https://openweathermap.org/'</msg>
<status status="PASS" starttime="20181003 23:19:33.656" endtime="20181003 23:19:38.775"></status>
</kw>
<kw name="Wait Until Element Is Enabled" library="Selenium2Library">
<doc>Waits until element ``locator`` is enabled.</doc>
<arguments>
<arg>xpath=//input[@placeholder='Your city name']</arg>
</arguments>
<status status="PASS" starttime="20181003 23:19:38.775" endtime="20181003 23:19:39.573"></status>
</kw>
<status status="PASS" starttime="20181003 23:19:33.640" endtime="20181003 23:19:39.574"></status>
</kw>
<status status="PASS" starttime="20181003 23:19:33.640" endtime="20181003 23:19:39.574"></status>
</kw>
<kw name="Run Keyword And Continue On Failure" library="BuiltIn">
<doc>Runs the keyword and continues execution even if a failure occurs.</doc>
<arguments>
<arg>Attempt Login</arg>
<arg>${LocationScenario}</arg>
</arguments>
<kw name="Attempt Login" library="InvalidCitySearch">
<arguments>
<arg>${LocationScenario}</arg>
</arguments>
<kw name="Enter Location" library="InValidSearch">
<arguments>
<arg>${LocationDetails}</arg>
</arguments>
<kw name="Catenate" library="BuiltIn">
<doc>Catenates the given items together and returns the resulted string.</doc>
<arguments>
<arg>SEPARATOR=,</arg>
<arg>${LocationDetails[0]}</arg>
<arg>${LocationDetails[1]}</arg>
</arguments>
<assign>
<var>${Location}</var>
</assign>
<msg timestamp="20181003 23:19:39.578" level="INFO">${Location} = Newbomabai,IN</msg>
<status status="PASS" starttime="20181003 23:19:39.577" endtime="20181003 23:19:39.578"></status>
</kw>
<kw name="Run Keyword Unless" library="BuiltIn">
<doc>Runs the given keyword with the given arguments, if ``condition`` is false.</doc>
<arguments>
<arg>'${LocationDetails[0]}' == '#BLANK'</arg>
<arg>Input Text</arg>
<arg>${YOUR_CITY_NAME}</arg>
<arg>${Location}</arg>
</arguments>
<kw name="Input Text" library="Selenium2Library">
<doc>Types the given ``text`` into text field identified by ``locator``.</doc>
<arguments>
<arg>${YOUR_CITY_NAME}</arg>
<arg>${Location}</arg>
</arguments>
<msg timestamp="20181003 23:19:39.580" level="INFO">Typing text 'Newbomabai,IN' into text field 'xpath=//input[@placeholder='Your city name']'.</msg>
<status status="PASS" starttime="20181003 23:19:39.580" endtime="20181003 23:19:40.191"></status>
</kw>
<status status="PASS" starttime="20181003 23:19:39.579" endtime="20181003 23:19:40.192"></status>
</kw>
<kw name="Sleep" library="BuiltIn">
<doc>Pauses the test executed for the given time.</doc>
<arguments>
<arg>5s</arg>
</arguments>
<msg timestamp="20181003 23:19:45.205" level="INFO">Slept 5 seconds</msg>
<status status="PASS" starttime="20181003 23:19:40.192" endtime="20181003 23:19:45.205"></status>
</kw>
<status status="PASS" starttime="20181003 23:19:39.576" endtime="20181003 23:19:45.205"></status>
</kw>
<kw name="Click Submit" library="InValidSearch">
<kw name="Click Button" library="Selenium2Library">
<doc>Clicks button identified by ``locator``.</doc>
<arguments>
<arg>${SERACH_BUTTON}</arg>
</arguments>
<msg timestamp="20181003 23:19:45.205" level="INFO">Clicking button 'xpath=(//BUTTON[@type='submit'])[2]'.</msg>
<status status="PASS" starttime="20181003 23:19:45.205" endtime="20181003 23:19:52.939"></status>
</kw>
<status status="PASS" starttime="20181003 23:19:45.205" endtime="20181003 23:19:52.940"></status>
</kw>
<kw name="Sleep" library="BuiltIn">
<doc>Pauses the test executed for the given time.</doc>
<arguments>
<arg>1s</arg>
</arguments>
<msg timestamp="20181003 23:19:53.951" level="INFO">Slept 1 second</msg>
<status status="PASS" starttime="20181003 23:19:52.941" endtime="20181003 23:19:53.951"></status>
</kw>
<status status="PASS" starttime="20181003 23:19:39.575" endtime="20181003 23:19:53.951"></status>
</kw>
<status status="PASS" starttime="20181003 23:19:39.574" endtime="20181003 23:19:53.951"></status>
</kw>
<kw name="Run Keyword And Continue On Failure" library="BuiltIn">
<doc>Runs the keyword and continues execution even if a failure occurs.</doc>
<arguments>
<arg>Verify Login Page Error Message</arg>
<arg>${LocationScenario}</arg>
</arguments>
<kw name="Verify Login Page Error Message" library="InvalidCitySearch">
<arguments>
<arg>${LocationScenario}</arg>
</arguments>
<kw name="Verify Error Message" library="InValidSearch">
<arguments>
<arg>${ExpectedErrorMessage}</arg>
</arguments>
<kw name="Page Should Contain" library="Selenium2Library">
<doc>Verifies that current page contains ``text``.</doc>
<arguments>
<arg>${ExpectedErrorMessage[2]}</arg>
</arguments>
<msg timestamp="20181003 23:19:54.018" level="INFO">Current page contains text 'Not found'.</msg>
<status status="PASS" starttime="20181003 23:19:53.951" endtime="20181003 23:19:54.018"></status>
</kw>
<status status="PASS" starttime="20181003 23:19:53.951" endtime="20181003 23:19:54.018"></status>
</kw>
<status status="PASS" starttime="20181003 23:19:53.951" endtime="20181003 23:19:54.034"></status>
</kw>
<status status="PASS" starttime="20181003 23:19:53.951" endtime="20181003 23:19:54.034"></status>
</kw>
<status status="PASS" starttime="20181003 23:19:33.640" endtime="20181003 23:19:54.034"></status>
</kw>
<status status="PASS" starttime="20181003 23:19:33.640" endtime="20181003 23:19:54.034"></status>
</kw>
<status status="PASS" starttime="20181003 23:19:33.640" endtime="20181003 23:19:54.034"></status>
</kw>
<kw name="End Web Test" library="Common" type="teardown">
<kw name="Close All Browsers" library="Selenium2Library">
<doc>Closes all open browsers and resets the browser cache.</doc>
<status status="PASS" starttime="20181003 23:19:54.034" endtime="20181003 23:19:57.333"></status>
</kw>
<status status="PASS" starttime="20181003 23:19:54.034" endtime="20181003 23:19:57.333"></status>
</kw>
<status status="PASS" starttime="20181003 23:19:26.365" endtime="20181003 23:19:57.333" critical="yes"></status>
</test>
<doc>Demo Weather page testing using Robot-framework seraching invalid cities</doc>
<status status="PASS" starttime="20181003 23:19:25.773" endtime="20181003 23:19:57.333"></status>
</suite>
<suite id="s1-s2" name="PageLink Validation" source="C:\Users\Anurag\dwhelper\weather_robot_framework_demo\tests\PageLink Validation.robot">
<test id="s1-s2-t1" name="Able to see all links on the page">
<kw name="Begin Web Test" library="Common" type="setup">
<kw name="Open Browser" library="Selenium2Library">
<doc>Opens a new browser instance to the given ``url``.</doc>
<arguments>
<arg>about:blank</arg>
<arg>${BROWSER}</arg>
</arguments>
<msg timestamp="20181003 23:19:57.427" level="INFO">Opening browser 'chrome' to base url 'about:blank'.</msg>
<status status="PASS" starttime="20181003 23:19:57.427" endtime="20181003 23:20:02.879"></status>
</kw>
<kw name="Maximize Browser Window" library="Selenium2Library">
<doc>Maximizes current browser window.</doc>
<status status="PASS" starttime="20181003 23:20:02.879" endtime="20181003 23:20:04.061"></status>
</kw>
<kw name="Delete All Cookies" library="Selenium2Library">
<doc>Deletes all cookies.</doc>
<status status="PASS" starttime="20181003 23:20:04.061" endtime="20181003 23:20:04.080"></status>
</kw>
<status status="PASS" starttime="20181003 23:19:57.427" endtime="20181003 23:20:04.080"></status>
</kw>
<kw name="Search Link on the page" library="PageLinkValidation">
<kw name="Navigate to Sign In Page" library="PageLinkValidation">
<kw name="Navigate To" library="HrefValidation">
<kw name="Go To" library="Selenium2Library">
<doc>Navigates the active browser instance to the provided ``url``.</doc>
<arguments>
<arg>${BASE_URL.${ENVIRONMENT}}</arg>
</arguments>
<msg timestamp="20181003 23:20:04.096" level="INFO">Opening url 'https://openweathermap.org/'</msg>
<status status="PASS" starttime="20181003 23:20:04.096" endtime="20181003 23:20:08.983"></status>
</kw>
<kw name="Wait Until Element Is Enabled" library="Selenium2Library">
<doc>Waits until element ``locator`` is enabled.</doc>
<arguments>
<arg>xpath=//input[@placeholder='Your city name']</arg>
</arguments>
<status status="PASS" starttime="20181003 23:20:08.983" endtime="20181003 23:20:09.092"></status>
</kw>
<status status="PASS" starttime="20181003 23:20:04.096" endtime="20181003 23:20:09.092"></status>
</kw>
<status status="PASS" starttime="20181003 23:20:04.080" endtime="20181003 23:20:09.093"></status>
</kw>
<kw name="Get All Links" library="HrefValidation">
<tags>
<tag>Links</tag>
</tags>
<kw name="Comment" library="BuiltIn">
<doc>Displays the given messages in the log file as keyword arguments.</doc>
<arguments>
<arg>Count Number Of Linkds on the Page</arg>
</arguments>
<status status="PASS" starttime="20181003 23:20:09.094" endtime="20181003 23:20:09.094"></status>
</kw>
<kw name="Get Matching Xpath Count" library="Selenium2Library">
<doc>*DEPRECATED in Selenium2Library 3.2.* Use `Get Element Count` instead.</doc>
<arguments>
<arg>xpath=//a[@href]</arg>
</arguments>
<assign>
<var>${AllLinksCount}</var>
</assign>
<msg timestamp="20181003 23:20:09.095" level="WARN">Keyword 'Selenium2Library.Get Matching Xpath Count' is deprecated. Use `Get Element Count` instead.</msg>
<msg timestamp="20181003 23:20:09.457" level="INFO">${AllLinksCount} = 67</msg>
<status status="PASS" starttime="20181003 23:20:09.094" endtime="20181003 23:20:09.457"></status>
</kw>
<kw name="Comment" library="BuiltIn">
<doc>Displays the given messages in the log file as keyword arguments.</doc>
<arguments>
<arg>Log links count</arg>
</arguments>
<status status="PASS" starttime="20181003 23:20:09.457" endtime="20181003 23:20:09.458"></status>
</kw>
<kw name="Log" library="BuiltIn">
<doc>Logs the given message with the given level.</doc>
<arguments>
<arg>${AllLinksCount}</arg>
</arguments>
<msg timestamp="20181003 23:20:09.458" level="INFO">67</msg>
<status status="PASS" starttime="20181003 23:20:09.458" endtime="20181003 23:20:09.459"></status>
</kw>
<kw name="Comment" library="BuiltIn">
<doc>Displays the given messages in the log file as keyword arguments.</doc>
<arguments>
<arg>Create a list to store link texts</arg>
</arguments>
<status status="PASS" starttime="20181003 23:20:09.459" endtime="20181003 23:20:09.459"></status>
</kw>
<kw name="Create List" library="BuiltIn">
<doc>Returns a list containing given items.</doc>
<assign>
<var>@{LinkItems}</var>
</assign>
<msg timestamp="20181003 23:20:09.460" level="INFO">@{LinkItems} = [ ]</msg>
<status status="PASS" starttime="20181003 23:20:09.460" endtime="20181003 23:20:09.460"></status>
</kw>
<kw name="Comment" library="BuiltIn">
<doc>Displays the given messages in the log file as keyword arguments.</doc>
<arguments>
<arg>Loop through all links and store links value that has length more than 1 character</arg>
</arguments>
<status status="PASS" starttime="20181003 23:20:09.460" endtime="20181003 23:20:09.461"></status>
</kw>
<kw name="${INDEX} IN RANGE [ 1 | ${AllLinksCount} ]" type="for">
<kw name="${INDEX} = 1" type="foritem">
<kw name="Log To Console" library="BuiltIn">
<doc>Logs the given message to the console.</doc>
<arguments>
<arg>${INDEX}</arg>
</arguments>
<status status="PASS" starttime="20181003 23:20:09.462" endtime="20181003 23:20:09.467"></status>
</kw>
<kw name="Get Text" library="Selenium2Library">
<doc>Returns the text value of element identified by ``locator``.</doc>
<arguments>
<arg>xpath=(//a)[${INDEX}]</arg>
</arguments>
<assign>
<var>${lintext}</var>
</assign>
<msg timestamp="20181003 23:20:10.287" level="INFO">${lintext} = Support Center</msg>
<status status="PASS" starttime="20181003 23:20:09.468" endtime="20181003 23:20:10.287"></status>
</kw>
<kw name="Log To Console" library="BuiltIn">
<doc>Logs the given message to the console.</doc>
<arguments>
<arg>${lintext}</arg>
</arguments>
<status status="PASS" starttime="20181003 23:20:10.287" endtime="20181003 23:20:10.289"></status>
</kw>
<kw name="Get Length" library="BuiltIn">
<doc>Returns and logs the length of the given item as an integer.</doc>
<arguments>
<arg>${lintext}</arg>
</arguments>
<assign>
<var>${linklength}</var>
</assign>
<msg timestamp="20181003 23:20:10.291" level="INFO">Length is 14</msg>
<msg timestamp="20181003 23:20:10.291" level="INFO">${linklength} = 14</msg>
<status status="PASS" starttime="20181003 23:20:10.290" endtime="20181003 23:20:10.291"></status>
</kw>
<kw name="Run Keyword If" library="BuiltIn">
<doc>Runs the given keyword with the given arguments, if ``condition`` is true.</doc>
<arguments>
<arg>${linklength}&gt;1</arg>
<arg>Append To List</arg>
<arg>${LinkItems}</arg>
<arg>${lintext}</arg>
</arguments>
<kw name="Append To List" library="Collections">
<doc>Adds ``values`` to the end of ``list``.</doc>
<arguments>
<arg>${LinkItems}</arg>
<arg>${lintext}</arg>
</arguments>
<status status="PASS" starttime="20181003 23:20:10.292" endtime="20181003 23:20:10.292"></status>
</kw>
<status status="PASS" starttime="20181003 23:20:10.291" endtime="20181003 23:20:10.293"></status>
</kw>
<status status="PASS" starttime="20181003 23:20:09.461" endtime="20181003 23:20:10.293"></status>
</kw>
<kw name="${INDEX} = 2" type="foritem">
<kw name="Log To Console" library="BuiltIn">
<doc>Logs the given message to the console.</doc>
<arguments>
<arg>${INDEX}</arg>
</arguments>
<status status="PASS" starttime="20181003 23:20:10.293" endtime="20181003 23:20:10.295"></status>
</kw>
<kw name="Get Text" library="Selenium2Library">
<doc>Returns the text value of element identified by ``locator``.</doc>
<arguments>
<arg>xpath=(//a)[${INDEX}]</arg>
</arguments>
<assign>
<var>${lintext}</var>
</assign>
<msg timestamp="20181003 23:20:10.421" level="INFO">${lintext} = Sign Up</msg>
<status status="PASS" starttime="20181003 23:20:10.295" endtime="20181003 23:20:10.422"></status>
</kw>
<kw name="Log To Console" library="BuiltIn">
<doc>Logs the given message to the console.</doc>
<arguments>
<arg>${lintext}</arg>
</arguments>
<status status="PASS" starttime="20181003 23:20:10.422" endtime="20181003 23:20:10.423"></status>
</kw>
<kw name="Get Length" library="BuiltIn">
<doc>Returns and logs the length of the given item as an integer.</doc>
<arguments>
<arg>${lintext}</arg>
</arguments>
<assign>
<var>${linklength}</var>
</assign>
<msg timestamp="20181003 23:20:10.424" level="INFO">Length is 7</msg>
<msg timestamp="20181003 23:20:10.424" level="INFO">${linklength} = 7</msg>
<status status="PASS" starttime="20181003 23:20:10.423" endtime="20181003 23:20:10.424"></status>
</kw>
<kw name="Run Keyword If" library="BuiltIn">
<doc>Runs the given keyword with the given arguments, if ``condition`` is true.</doc>
<arguments>
<arg>${linklength}&gt;1</arg>
<arg>Append To List</arg>
<arg>${LinkItems}</arg>
<arg>${lintext}</arg>
</arguments>
<kw name="Append To List" library="Collections">
<doc>Adds ``values`` to the end of ``list``.</doc>
<arguments>
<arg>${LinkItems}</arg>
<arg>${lintext}</arg>
</arguments>
<status status="PASS" starttime="20181003 23:20:10.425" endtime="20181003 23:20:10.426"></status>
</kw>
<status status="PASS" starttime="20181003 23:20:10.424" endtime="20181003 23:20:10.426"></status>
</kw>
<status status="PASS" starttime="20181003 23:20:10.293" endtime="20181003 23:20:10.426"></status>
</kw>
<kw name="${INDEX} = 3" type="foritem">
<kw name="Log To Console" library="BuiltIn">
<doc>Logs the given message to the console.</doc>
<arguments>
<arg>${INDEX}</arg>
</arguments>
<status status="PASS" starttime="20181003 23:20:10.426" endtime="20181003 23:20:10.429"></status>
</kw>
<kw name="Get Text" library="Selenium2Library">
<doc>Returns the text value of element identified by ``locator``.</doc>
<arguments>
<arg>xpath=(//a)[${INDEX}]</arg>
</arguments>
<assign>
<var>${lintext}</var>
</assign>
<msg timestamp="20181003 23:20:10.532" level="INFO">${lintext} = Sign In</msg>
<status status="PASS" starttime="20181003 23:20:10.429" endtime="20181003 23:20:10.533"></status>
</kw>
<kw name="Log To Console" library="BuiltIn">
<doc>Logs the given message to the console.</doc>
<arguments>
<arg>${lintext}</arg>
</arguments>
<status status="PASS" starttime="20181003 23:20:10.533" endtime="20181003 23:20:10.536"></status>
</kw>
<kw name="Get Length" library="BuiltIn">
<doc>Returns and logs the length of the given item as an integer.</doc>
<arguments>
<arg>${lintext}</arg>
</arguments>
<assign>
<var>${linklength}</var>
</assign>
<msg timestamp="20181003 23:20:10.537" level="INFO">Length is 7</msg>
<msg timestamp="20181003 23:20:10.537" level="INFO">${linklength} = 7</msg>
<status status="PASS" starttime="20181003 23:20:10.536" endtime="20181003 23:20:10.537"></status>
</kw>
<kw name="Run Keyword If" library="BuiltIn">
<doc>Runs the given keyword with the given arguments, if ``condition`` is true.</doc>
<arguments>
<arg>${linklength}&gt;1</arg>
<arg>Append To List</arg>
<arg>${LinkItems}</arg>
<arg>${lintext}</arg>
</arguments>
<kw name="Append To List" library="Collections">
<doc>Adds ``values`` to the end of ``list``.</doc>
<arguments>
<arg>${LinkItems}</arg>
<arg>${lintext}</arg>
</arguments>
<status status="PASS" starttime="20181003 23:20:10.539" endtime="20181003 23:20:10.539"></status>
</kw>
<status status="PASS" starttime="20181003 23:20:10.538" endtime="20181003 23:20:10.539"></status>
</kw>
<status status="PASS" starttime="20181003 23:20:10.426" endtime="20181003 23:20:10.539"></status>
</kw>
<kw name="${INDEX} = 4" type="foritem">
<kw name="Log To Console" library="BuiltIn">
<doc>Logs the given message to the console.</doc>
<arguments>
<arg>${INDEX}</arg>
</arguments>
<status status="PASS" starttime="20181003 23:20:10.540" endtime="20181003 23:20:10.545"></status>
</kw>
<kw name="Get Text" library="Selenium2Library">
<doc>Returns the text value of element identified by ``locator``.</doc>
<arguments>
<arg>xpath=(//a)[${INDEX}]</arg>
</arguments>
<assign>
<var>${lintext}</var>
</assign>
<msg timestamp="20181003 23:20:10.678" level="INFO">${lintext} = Weather in your city</msg>
<status status="PASS" starttime="20181003 23:20:10.545" endtime="20181003 23:20:10.678"></status>
</kw>
<kw name="Log To Console" library="BuiltIn">
<doc>Logs the given message to the console.</doc>
<arguments>
<arg>${lintext}</arg>
</arguments>
<status status="PASS" starttime="20181003 23:20:10.679" endtime="20181003 23:20:10.681"></status>
</kw>
<kw name="Get Length" library="BuiltIn">
<doc>Returns and logs the length of the given item as an integer.</doc>
<arguments>
<arg>${lintext}</arg>
</arguments>
<assign>
<var>${linklength}</var>
</assign>
<msg timestamp="20181003 23:20:10.682" level="INFO">Length is 20</msg>
<msg timestamp="20181003 23:20:10.682" level="INFO">${linklength} = 20</msg>
<status status="PASS" starttime="20181003 23:20:10.681" endtime="20181003 23:20:10.682"></status>
</kw>
<kw name="Run Keyword If" library="BuiltIn">
<doc>Runs the given keyword with the given arguments, if ``condition`` is true.</doc>
<arguments>
<arg>${linklength}&gt;1</arg>
<arg>Append To List</arg>
<arg>${LinkItems}</arg>
<arg>${lintext}</arg>
</arguments>
<kw name="Append To List" library="Collections">
<doc>Adds ``values`` to the end of ``list``.</doc>
<arguments>
<arg>${LinkItems}</arg>
<arg>${lintext}</arg>
</arguments>
<status status="PASS" starttime="20181003 23:20:10.683" endtime="20181003 23:20:10.684"></status>
</kw>
<status status="PASS" starttime="20181003 23:20:10.682" endtime="20181003 23:20:10.684"></status>
</kw>
<status status="PASS" starttime="20181003 23:20:10.540" endtime="20181003 23:20:10.684"></status>
</kw>
<kw name="${INDEX} = 5" type="foritem">
<kw name="Log To Console" library="BuiltIn">
<doc>Logs the given message to the console.</doc>
<arguments>
<arg>${INDEX}</arg>
</arguments>
<status status="PASS" starttime="20181003 23:20:10.685" endtime="20181003 23:20:10.686"></status>
</kw>
<kw name="Get Text" library="Selenium2Library">
<doc>Returns the text value of element identified by ``locator``.</doc>
<arguments>
<arg>xpath=(//a)[${INDEX}]</arg>
</arguments>
<assign>
<var>${lintext}</var>
</assign>
<msg timestamp="20181003 23:20:10.816" level="INFO">${lintext} = </msg>
<status status="PASS" starttime="20181003 23:20:10.686" endtime="20181003 23:20:10.816"></status>
</kw>
<kw name="Log To Console" library="BuiltIn">
<doc>Logs the given message to the console.</doc>
<arguments>
<arg>${lintext}</arg>
</arguments>
<status status="PASS" starttime="20181003 23:20:10.816" endtime="20181003 23:20:10.817"></status>
</kw>
<kw name="Get Length" library="BuiltIn">
<doc>Returns and logs the length of the given item as an integer.</doc>
<arguments>
<arg>${lintext}</arg>
</arguments>
<assign>
<var>${linklength}</var>
</assign>
<msg timestamp="20181003 23:20:10.817" level="INFO">Length is 0</msg>
<msg timestamp="20181003 23:20:10.818" level="INFO">${linklength} = 0</msg>
<status status="PASS" starttime="20181003 23:20:10.817" endtime="20181003 23:20:10.818"></status>
</kw>
<kw name="Run Keyword If" library="BuiltIn">
<doc>Runs the given keyword with the given arguments, if ``condition`` is true.</doc>
<arguments>
<arg>${linklength}&gt;1</arg>
<arg>Append To List</arg>
<arg>${LinkItems}</arg>
<arg>${lintext}</arg>
</arguments>
<status status="PASS" starttime="20181003 23:20:10.818" endtime="20181003 23:20:10.819"></status>
</kw>
<status status="PASS" starttime="20181003 23:20:10.685" endtime="20181003 23:20:10.819"></status>
</kw>
<kw name="${INDEX} = 6" type="foritem">
<kw name="Log To Console" library="BuiltIn">
<doc>Logs the given message to the console.</doc>
<arguments>
<arg>${INDEX}</arg>
</arguments>
<status status="PASS" starttime="20181003 23:20:10.819" endtime="20181003 23:20:10.820"></status>
</kw>
<kw name="Get Text" library="Selenium2Library">
<doc>Returns the text value of element identified by ``locator``.</doc>
<arguments>
<arg>xpath=(//a)[${INDEX}]</arg>
</arguments>
<assign>
<var>${lintext}</var>
</assign>
<msg timestamp="20181003 23:20:10.906" level="INFO">${lintext} = </msg>
<status status="PASS" starttime="20181003 23:20:10.820" endtime="20181003 23:20:10.922"></status>
</kw>
<kw name="Log To Console" library="BuiltIn">
<doc>Logs the given message to the console.</doc>
<arguments>
<arg>${lintext}</arg>
</arguments>
<status status="PASS" starttime="20181003 23:20:10.922" endtime="20181003 23:20:10.922"></status>
</kw>
<kw name="Get Length" library="BuiltIn">
<doc>Returns and logs the length of the given item as an integer.</doc>
<arguments>
<arg>${lintext}</arg>
</arguments>
<assign>
<var>${linklength}</var>
</assign>
<msg timestamp="20181003 23:20:10.922" level="INFO">Length is 0</msg>
<msg timestamp="20181003 23:20:10.922" level="INFO">${linklength} = 0</msg>
<status status="PASS" starttime="20181003 23:20:10.922" endtime="20181003 23:20:10.922"></status>
</kw>
<kw name="Run Keyword If" library="BuiltIn">
<doc>Runs the given keyword with the given arguments, if ``condition`` is true.</doc>
<arguments>
<arg>${linklength}&gt;1</arg>
<arg>Append To List</arg>
<arg>${LinkItems}</arg>
<arg>${lintext}</arg>
</arguments>
<status status="PASS" starttime="20181003 23:20:10.922" endtime="20181003 23:20:10.922"></status>
</kw>
<status status="PASS" starttime="20181003 23:20:10.819" endtime="20181003 23:20:10.922"></status>
</kw>
<kw name="${INDEX} = 7" type="foritem">
<kw name="Log To Console" library="BuiltIn">
<doc>Logs the given message to the console.</doc>
<arguments>
<arg>${INDEX}</arg>
</arguments>
<status status="PASS" starttime="20181003 23:20:10.922" endtime="20181003 23:20:10.922"></status>
</kw>
<kw name="Get Text" library="Selenium2Library">
<doc>Returns the text value of element identified by ``locator``.</doc>
<arguments>
<arg>xpath=(//a)[${INDEX}]</arg>
</arguments>
<assign>
<var>${lintext}</var>
</assign>
<msg timestamp="20181003 23:20:10.984" level="INFO">${lintext} = </msg>
<status status="PASS" starttime="20181003 23:20:10.922" endtime="20181003 23:20:10.984"></status>
</kw>
<kw name="Log To Console" library="BuiltIn">
<doc>Logs the given message to the console.</doc>
<arguments>
<arg>${lintext}</arg>
</arguments>
<status status="PASS" starttime="20181003 23:20:10.984" endtime="20181003 23:20:10.984"></status>
</kw>
<kw name="Get Length" library="BuiltIn">
<doc>Returns and logs the length of the given item as an integer.</doc>
<arguments>
<arg>${lintext}</arg>
</arguments>
<assign>
<var>${linklength}</var>
</assign>
<msg timestamp="20181003 23:20:10.984" level="INFO">Length is 0</msg>
<msg timestamp="20181003 23:20:10.984" level="INFO">${linklength} = 0</msg>
<status status="PASS" starttime="20181003 23:20:10.984" endtime="20181003 23:20:10.984"></status>
</kw>
<kw name="Run Keyword If" library="BuiltIn">
<doc>Runs the given keyword with the given arguments, if ``condition`` is true.</doc>
<arguments>
<arg>${linklength}&gt;1</arg>
<arg>Append To List</arg>
<arg>${LinkItems}</arg>
<arg>${lintext}</arg>
</arguments>
<status status="PASS" starttime="20181003 23:20:10.984" endtime="20181003 23:20:10.984"></status>
</kw>
<status status="PASS" starttime="20181003 23:20:10.922" endtime="20181003 23:20:10.984"></status>
</kw>
<kw name="${INDEX} = 8" type="foritem">
<kw name="Log To Console" library="BuiltIn">
<doc>Logs the given message to the console.</doc>
<arguments>
<arg>${INDEX}</arg>
</arguments>
<status status="PASS" starttime="20181003 23:20:10.984" endtime="20181003 23:20:11.000"></status>
</kw>
<kw name="Get Text" library="Selenium2Library">
<doc>Returns the text value of element identified by ``locator``.</doc>
<arguments>
<arg>xpath=(//a)[${INDEX}]</arg>
</arguments>
<assign>
<var>${lintext}</var>
</assign>
<msg timestamp="20181003 23:20:11.080" level="INFO">${lintext} = </msg>
<status status="PASS" starttime="20181003 23:20:11.000" endtime="20181003 23:20:11.080"></status>
</kw>
<kw name="Log To Console" library="BuiltIn">
<doc>Logs the given message to the console.</doc>
<arguments>
<arg>${lintext}</arg>
</arguments>
<status status="PASS" starttime="20181003 23:20:11.080" endtime="20181003 23:20:11.080"></status>
</kw>
<kw name="Get Length" library="BuiltIn">
<doc>Returns and logs the length of the given item as an integer.</doc>
<arguments>
<arg>${lintext}</arg>
</arguments>
<assign>
<var>${linklength}</var>
</assign>
<msg timestamp="20181003 23:20:11.080" level="INFO">Length is 0</msg>
<msg timestamp="20181003 23:20:11.080" level="INFO">${linklength} = 0</msg>
<status status="PASS" starttime="20181003 23:20:11.080" endtime="20181003 23:20:11.080"></status>
</kw>
<kw name="Run Keyword If" library="BuiltIn">
<doc>Runs the given keyword with the given arguments, if ``condition`` is true.</doc>
<arguments>
<arg>${linklength}&gt;1</arg>
<arg>Append To List</arg>
<arg>${LinkItems}</arg>
<arg>${lintext}</arg>
</arguments>
<status status="PASS" starttime="20181003 23:20:11.080" endtime="20181003 23:20:11.080"></status>
</kw>
<status status="PASS" starttime="20181003 23:20:10.984" endtime="20181003 23:20:11.080"></status>
</kw>
<kw name="${INDEX} = 9" type="foritem">
<kw name="Log To Console" library="BuiltIn">
<doc>Logs the given message to the console.</doc>
<arguments>
<arg>${INDEX}</arg>
</arguments>
<status status="PASS" starttime="20181003 23:20:11.080" endtime="20181003 23:20:11.080"></status>
</kw>
<kw name="Get Text" library="Selenium2Library">
<doc>Returns the text value of element identified by ``locator``.</doc>
<arguments>
<arg>xpath=(//a)[${INDEX}]</arg>
</arguments>
<assign>
<var>${lintext}</var>
</assign>
<msg timestamp="20181003 23:20:11.142" level="INFO">${lintext} = </msg>
<status status="PASS" starttime="20181003 23:20:11.080" endtime="20181003 23:20:11.142"></status>
</kw>
<kw name="Log To Console" library="BuiltIn">
<doc>Logs the given message to the console.</doc>
<arguments>
<arg>${lintext}</arg>
</arguments>
<status status="PASS" starttime="20181003 23:20:11.142" endtime="20181003 23:20:11.142"></status>
</kw>
<kw name="Get Length" library="BuiltIn">
<doc>Returns and logs the length of the given item as an integer.</doc>
<arguments>
<arg>${lintext}</arg>
</arguments>
<assign>
<var>${linklength}</var>
</assign>
<msg timestamp="20181003 23:20:11.142" level="INFO">Length is 0</msg>
<msg timestamp="20181003 23:20:11.158" level="INFO">${linklength} = 0</msg>
<status status="PASS" starttime="20181003 23:20:11.142" endtime="20181003 23:20:11.158"></status>
</kw>
<kw name="Run Keyword If" library="BuiltIn">
<doc>Runs the given keyword with the given arguments, if ``condition`` is true.</doc>
<arguments>
<arg>${linklength}&gt;1</arg>
<arg>Append To List</arg>
<arg>${LinkItems}</arg>
<arg>${lintext}</arg>
</arguments>
<status status="PASS" starttime="20181003 23:20:11.158" endtime="20181003 23:20:11.158"></status>
</kw>
<status status="PASS" starttime="20181003 23:20:11.080" endtime="20181003 23:20:11.158"></status>
</kw>
<kw name="${INDEX} = 10" type="foritem">
<kw name="Log To Console" library="BuiltIn">
<doc>Logs the given message to the console.</doc>
<arguments>
<arg>${INDEX}</arg>
</arguments>
<status status="PASS" starttime="20181003 23:20:11.158" endtime="20181003 23:20:11.158"></status>
</kw>
<kw name="Get Text" library="Selenium2Library">
<doc>Returns the text value of element identified by ``locator``.</doc>
<arguments>
<arg>xpath=(//a)[${INDEX}]</arg>
</arguments>
<assign>
<var>${lintext}</var>
</assign>
<msg timestamp="20181003 23:20:11.220" level="INFO">${lintext} = </msg>
<status status="PASS" starttime="20181003 23:20:11.158" endtime="20181003 23:20:11.220"></status>
</kw>
<kw name="Log To Console" library="BuiltIn">
<doc>Logs the given message to the console.</doc>
<arguments>
<arg>${lintext}</arg>
</arguments>
<status status="PASS" starttime="20181003 23:20:11.220" endtime="20181003 23:20:11.220"></status>
</kw>
<kw name="Get Length" library="BuiltIn">
<doc>Returns and logs the length of the given item as an integer.</doc>
<arguments>
<arg>${lintext}</arg>
</arguments>
<assign>
<var>${linklength}</var>
</assign>
<msg timestamp="20181003 23:20:11.220" level="INFO">Length is 0</msg>
<msg timestamp="20181003 23:20:11.220" level="INFO">${linklength} = 0</msg>
<status status="PASS" starttime="20181003 23:20:11.220" endtime="20181003 23:20:11.220"></status>
</kw>
<kw name="Run Keyword If" library="BuiltIn">
<doc>Runs the given keyword with the given arguments, if ``condition`` is true.</doc>
<arguments>
<arg>${linklength}&gt;1</arg>
<arg>Append To List</arg>
<arg>${LinkItems}</arg>
<arg>${lintext}</arg>
</arguments>
<status status="PASS" starttime="20181003 23:20:11.220" endtime="20181003 23:20:11.220"></status>
</kw>
<status status="PASS" starttime="20181003 23:20:11.158" endtime="20181003 23:20:11.220"></status>
</kw>
<kw name="${INDEX} = 11" type="foritem">
<kw name="Log To Console" library="BuiltIn">
<doc>Logs the given message to the console.</doc>
<arguments>
<arg>${INDEX}</arg>
</arguments>
<status status="PASS" starttime="20181003 23:20:11.236" endtime="20181003 23:20:11.236"></status>
</kw>
<kw name="Get Text" library="Selenium2Library">
<doc>Returns the text value of element identified by ``locator``.</doc>
<arguments>
<arg>xpath=(//a)[${INDEX}]</arg>
</arguments>
<assign>
<var>${lintext}</var>
</assign>
<msg timestamp="20181003 23:20:11.310" level="INFO">${lintext} = Weather</msg>
<status status="PASS" starttime="20181003 23:20:11.236" endtime="20181003 23:20:11.310"></status>
</kw>
<kw name="Log To Console" library="BuiltIn">
<doc>Logs the given message to the console.</doc>
<arguments>
<arg>${lintext}</arg>
</arguments>
<status status="PASS" starttime="20181003 23:20:11.310" endtime="20181003 23:20:11.310"></status>
</kw>
<kw name="Get Length" library="BuiltIn">
<doc>Returns and logs the length of the given item as an integer.</doc>
<arguments>
<arg>${lintext}</arg>
</arguments>
<assign>
<var>${linklength}</var>
</assign>
<msg timestamp="20181003 23:20:11.310" level="INFO">Length is 7</msg>
<msg timestamp="20181003 23:20:11.310" level="INFO">${linklength} = 7</msg>
<status status="PASS" starttime="20181003 23:20:11.310" endtime="20181003 23:20:11.310"></status>
</kw>
<kw name="Run Keyword If" library="BuiltIn">
<doc>Runs the given keyword with the given arguments, if ``condition`` is true.</doc>
<arguments>
<arg>${linklength}&gt;1</arg>
<arg>Append To List</arg>
<arg>${LinkItems}</arg>
<arg>${lintext}</arg>
</arguments>
<kw name="Append To List" library="Collections">
<doc>Adds ``values`` to the end of ``list``.</doc>
<arguments>
<arg>${LinkItems}</arg>
<arg>${lintext}</arg>
</arguments>
<status status="PASS" starttime="20181003 23:20:11.310" endtime="20181003 23:20:11.310"></status>
</kw>
<status status="PASS" starttime="20181003 23:20:11.310" endtime="20181003 23:20:11.310"></status>
</kw>
<status status="PASS" starttime="20181003 23:20:11.220" endtime="20181003 23:20:11.310"></status>
</kw>
<kw name="${INDEX} = 12" type="foritem">
<kw name="Log To Console" library="BuiltIn">
<doc>Logs the given message to the console.</doc>
<arguments>
<arg>${INDEX}</arg>
</arguments>
<status status="PASS" starttime="20181003 23:20:11.310" endtime="20181003 23:20:11.310"></status>
</kw>
<kw name="Get Text" library="Selenium2Library">
<doc>Returns the text value of element identified by ``locator``.</doc>
<arguments>
<arg>xpath=(//a)[${INDEX}]</arg>
</arguments>
<assign>
<var>${lintext}</var>
</assign>
<msg timestamp="20181003 23:20:11.388" level="INFO">${lintext} = Maps</msg>
<status status="PASS" starttime="20181003 23:20:11.310" endtime="20181003 23:20:11.388"></status>
</kw>
<kw name="Log To Console" library="BuiltIn">
<doc>Logs the given message to the console.</doc>
<arguments>
<arg>${lintext}</arg>
</arguments>
<status status="PASS" starttime="20181003 23:20:11.388" endtime="20181003 23:20:11.388"></status>
</kw>
<kw name="Get Length" library="BuiltIn">
<doc>Returns and logs the length of the given item as an integer.</doc>
<arguments>
<arg>${lintext}</arg>
</arguments>
<assign>
<var>${linklength}</var>
</assign>
<msg timestamp="20181003 23:20:11.388" level="INFO">Length is 4</msg>
<msg timestamp="20181003 23:20:11.388" level="INFO">${linklength} = 4</msg>
<status status="PASS" starttime="20181003 23:20:11.388" endtime="20181003 23:20:11.388"></status>
</kw>
<kw name="Run Keyword If" library="BuiltIn">
<doc>Runs the given keyword with the given arguments, if ``condition`` is true.</doc>
<arguments>
<arg>${linklength}&gt;1</arg>
<arg>Append To List</arg>
<arg>${LinkItems}</arg>
<arg>${lintext}</arg>
</arguments>
<kw name="Append To List" library="Collections">
<doc>Adds ``values`` to the end of ``list``.</doc>
<arguments>
<arg>${LinkItems}</arg>
<arg>${lintext}</arg>
</arguments>
<status status="PASS" starttime="20181003 23:20:11.388" endtime="20181003 23:20:11.388"></status>
</kw>
<status status="PASS" starttime="20181003 23:20:11.388" endtime="20181003 23:20:11.388"></status>
</kw>
<status status="PASS" starttime="20181003 23:20:11.310" endtime="20181003 23:20:11.388"></status>
</kw>
<kw name="${INDEX} = 13" type="foritem">
<kw name="Log To Console" library="BuiltIn">
<doc>Logs the given message to the console.</doc>
<arguments>
<arg>${INDEX}</arg>
</arguments>
<status status="PASS" starttime="20181003 23:20:11.388" endtime="20181003 23:20:11.388"></status>
</kw>
<kw name="Get Text" library="Selenium2Library">
<doc>Returns the text value of element identified by ``locator``.</doc>
<arguments>
<arg>xpath=(//a)[${INDEX}]</arg>
</arguments>
<assign>
<var>${lintext}</var>
</assign>
<msg timestamp="20181003 23:20:11.472" level="INFO">${lintext} = </msg>
<status status="PASS" starttime="20181003 23:20:11.388" endtime="20181003 23:20:11.472"></status>
</kw>
<kw name="Log To Console" library="BuiltIn">
<doc>Logs the given message to the console.</doc>
<arguments>
<arg>${lintext}</arg>
</arguments>
<status status="PASS" starttime="20181003 23:20:11.472" endtime="20181003 23:20:11.472"></status>
</kw>
<kw name="Get Length" library="BuiltIn">
<doc>Returns and logs the length of the given item as an integer.</doc>
<arguments>
<arg>${lintext}</arg>
</arguments>
<assign>
<var>${linklength}</var>
</assign>
<msg timestamp="20181003 23:20:11.472" level="INFO">Length is 0</msg>
<msg timestamp="20181003 23:20:11.472" level="INFO">${linklength} = 0</msg>
<status status="PASS" starttime="20181003 23:20:11.472" endtime="20181003 23:20:11.472"></status>
</kw>
<kw name="Run Keyword If" library="BuiltIn">
<doc>Runs the given keyword with the given arguments, if ``condition`` is true.</doc>
<arguments>
<arg>${linklength}&gt;1</arg>
<arg>Append To List</arg>
<arg>${LinkItems}</arg>
<arg>${lintext}</arg>
</arguments>
<status status="PASS" starttime="20181003 23:20:11.472" endtime="20181003 23:20:11.472"></status>
</kw>
<status status="PASS" starttime="20181003 23:20:11.388" endtime="20181003 23:20:11.472"></status>
</kw>
<kw name="${INDEX} = 14" type="foritem">
<kw name="Log To Console" library="BuiltIn">
<doc>Logs the given message to the console.</doc>
<arguments>
<arg>${INDEX}</arg>
</arguments>
<status status="PASS" starttime="20181003 23:20:11.472" endtime="20181003 23:20:11.472"></status>
</kw>
<kw name="Get Text" library="Selenium2Library">
<doc>Returns the text value of element identified by ``locator``.</doc>
<arguments>
<arg>xpath=(//a)[${INDEX}]</arg>
</arguments>
<assign>
<var>${lintext}</var>
</assign>
<msg timestamp="20181003 23:20:11.549" level="INFO">${lintext} = </msg>
<status status="PASS" starttime="20181003 23:20:11.472" endtime="20181003 23:20:11.550"></status>
</kw>
<kw name="Log To Console" library="BuiltIn">
<doc>Logs the given message to the console.</doc>
<arguments>
<arg>${lintext}</arg>
</arguments>
<status status="PASS" starttime="20181003 23:20:11.550" endtime="20181003 23:20:11.551"></status>
</kw>
<kw name="Get Length" library="BuiltIn">
<doc>Returns and logs the length of the given item as an integer.</doc>
<arguments>
<arg>${lintext}</arg>
</arguments>
<assign>
<var>${linklength}</var>
</assign>
<msg timestamp="20181003 23:20:11.551" level="INFO">Length is 0</msg>
<msg timestamp="20181003 23:20:11.552" level="INFO">${linklength} = 0</msg>
<status status="PASS" starttime="20181003 23:20:11.551" endtime="20181003 23:20:11.552"></status>
</kw>
<kw name="Run Keyword If" library="BuiltIn">
<doc>Runs the given keyword with the given arguments, if ``condition`` is true.</doc>
<arguments>
<arg>${linklength}&gt;1</arg>
<arg>Append To List</arg>
<arg>${LinkItems}</arg>
<arg>${lintext}</arg>
</arguments>
<status status="PASS" starttime="20181003 23:20:11.552" endtime="20181003 23:20:11.553"></status>
</kw>
<status status="PASS" starttime="20181003 23:20:11.472" endtime="20181003 23:20:11.553"></status>
</kw>
<kw name="${INDEX} = 15" type="foritem">
<kw name="Log To Console" library="BuiltIn">
<doc>Logs the given message to the console.</doc>
<arguments>
<arg>${INDEX}</arg>
</arguments>
<status status="PASS" starttime="20181003 23:20:11.553" endtime="20181003 23:20:11.554"></status>
</kw>
<kw name="Get Text" library="Selenium2Library">
<doc>Returns the text value of element identified by ``locator``.</doc>
<arguments>
<arg>xpath=(//a)[${INDEX}]</arg>
</arguments>
<assign>
<var>${lintext}</var>
</assign>
<msg timestamp="20181003 23:20:11.625" level="INFO">${lintext} = </msg>
<status status="PASS" starttime="20181003 23:20:11.554" endtime="20181003 23:20:11.625"></status>
</kw>
<kw name="Log To Console" library="BuiltIn">
<doc>Logs the given message to the console.</doc>
<arguments>
<arg>${lintext}</arg>
</arguments>
<status status="PASS" starttime="20181003 23:20:11.625" endtime="20181003 23:20:11.641"></status>
</kw>
<kw name="Get Length" library="BuiltIn">
<doc>Returns and logs the length of the given item as an integer.</doc>
<arguments>
<arg>${lintext}</arg>
</arguments>
<assign>
<var>${linklength}</var>
</assign>
<msg timestamp="20181003 23:20:11.641" level="INFO">Length is 0</msg>
<msg timestamp="20181003 23:20:11.641" level="INFO">${linklength} = 0</msg>
<status status="PASS" starttime="20181003 23:20:11.641" endtime="20181003 23:20:11.641"></status>
</kw>
<kw name="Run Keyword If" library="BuiltIn">
<doc>Runs the given keyword with the given arguments, if ``condition`` is true.</doc>
<arguments>
<arg>${linklength}&gt;1</arg>
<arg>Append To List</arg>
<arg>${LinkItems}</arg>
<arg>${lintext}</arg>
</arguments>
<status status="PASS" starttime="20181003 23:20:11.641" endtime="20181003 23:20:11.641"></status>
</kw>
<status status="PASS" starttime="20181003 23:20:11.553" endtime="20181003 23:20:11.641"></status>
</kw>
<kw name="${INDEX} = 16" type="foritem">
<kw name="Log To Console" library="BuiltIn">
<doc>Logs the given message to the console.</doc>
<arguments>
<arg>${INDEX}</arg>
</arguments>
<status status="PASS" starttime="20181003 23:20:11.641" endtime="20181003 23:20:11.641"></status>
</kw>
<kw name="Get Text" library="Selenium2Library">
<doc>Returns the text value of element identified by ``locator``.</doc>
<arguments>
<arg>xpath=(//a)[${INDEX}]</arg>
</arguments>
<assign>
<var>${lintext}</var>
</assign>
<msg timestamp="20181003 23:20:11.734" level="INFO">${lintext} = API</msg>
<status status="PASS" starttime="20181003 23:20:11.641" endtime="20181003 23:20:11.734"></status>
</kw>
<kw name="Log To Console" library="BuiltIn">
<doc>Logs the given message to the console.</doc>
<arguments>
<arg>${lintext}</arg>
</arguments>
<status status="PASS" starttime="20181003 23:20:11.734" endtime="20181003 23:20:11.734"></status>
</kw>
<kw name="Get Length" library="BuiltIn">
<doc>Returns and logs the length of the given item as an integer.</doc>
<arguments>
<arg>${lintext}</arg>
</arguments>
<assign>
<var>${linklength}</var>
</assign>
<msg timestamp="20181003 23:20:11.750" level="INFO">Length is 3</msg>
<msg timestamp="20181003 23:20:11.750" level="INFO">${linklength} = 3</msg>
<status status="PASS" starttime="20181003 23:20:11.734" endtime="20181003 23:20:11.750"></status>
</kw>
<kw name="Run Keyword If" library="BuiltIn">
<doc>Runs the given keyword with the given arguments, if ``condition`` is true.</doc>
<arguments>
<arg>${linklength}&gt;1</arg>
<arg>Append To List</arg>
<arg>${LinkItems}</arg>
<arg>${lintext}</arg>
</arguments>
<kw name="Append To List" library="Collections">
<doc>Adds ``values`` to the end of ``list``.</doc>
<arguments>
<arg>${LinkItems}</arg>
<arg>${lintext}</arg>
</arguments>
<status status="PASS" starttime="20181003 23:20:11.750" endtime="20181003 23:20:11.750"></status>
</kw>
<status status="PASS" starttime="20181003 23:20:11.750" endtime="20181003 23:20:11.750"></status>
</kw>
<status status="PASS" starttime="20181003 23:20:11.641" endtime="20181003 23:20:11.750"></status>
</kw>
<kw name="${INDEX} = 17" type="foritem">
<kw name="Log To Console" library="BuiltIn">
<doc>Logs the given message to the console.</doc>
<arguments>
<arg>${INDEX}</arg>
</arguments>
<status status="PASS" starttime="20181003 23:20:11.750" endtime="20181003 23:20:11.750"></status>
</kw>
<kw name="Get Text" library="Selenium2Library">
<doc>Returns the text value of element identified by ``locator``.</doc>
<arguments>
<arg>xpath=(//a)[${INDEX}]</arg>
</arguments>
<assign>
<var>${lintext}</var>
</assign>
<msg timestamp="20181003 23:20:11.828" level="INFO">${lintext} = Price</msg>
<status status="PASS" starttime="20181003 23:20:11.750" endtime="20181003 23:20:11.828"></status>
</kw>
<kw name="Log To Console" library="BuiltIn">
<doc>Logs the given message to the console.</doc>
<arguments>
<arg>${lintext}</arg>
</arguments>
<status status="PASS" starttime="20181003 23:20:11.828" endtime="20181003 23:20:11.828"></status>
</kw>
<kw name="Get Length" library="BuiltIn">
<doc>Returns and logs the length of the given item as an integer.</doc>
<arguments>
<arg>${lintext}</arg>
</arguments>
<assign>
<var>${linklength}</var>
</assign>
<msg timestamp="20181003 23:20:11.828" level="INFO">Length is 5</msg>
<msg timestamp="20181003 23:20:11.828" level="INFO">${linklength} = 5</msg>
<status status="PASS" starttime="20181003 23:20:11.828" endtime="20181003 23:20:11.828"></status>
</kw>
<kw name="Run Keyword If" library="BuiltIn">
<doc>Runs the given keyword with the given arguments, if ``condition`` is true.</doc>
<arguments>
<arg>${linklength}&gt;1</arg>
<arg>Append To List</arg>
<arg>${LinkItems}</arg>
<arg>${lintext}</arg>
</arguments>
<kw name="Append To List" library="Collections">
<doc>Adds ``values`` to the end of ``list``.</doc>
<arguments>
<arg>${LinkItems}</arg>
<arg>${lintext}</arg>
</arguments>
<status status="PASS" starttime="20181003 23:20:11.828" endtime="20181003 23:20:11.828"></status>
</kw>
<status status="PASS" starttime="20181003 23:20:11.828" endtime="20181003 23:20:11.828"></status>
</kw>
<status status="PASS" starttime="20181003 23:20:11.750" endtime="20181003 23:20:11.828"></status>
</kw>
<kw name="${INDEX} = 18" type="foritem">
<kw name="Log To Console" library="BuiltIn">
<doc>Logs the given message to the console.</doc>
<arguments>
<arg>${INDEX}</arg>
</arguments>
<status status="PASS" starttime="20181003 23:20:11.828" endtime="20181003 23:20:11.828"></status>
</kw>
<kw name="Get Text" library="Selenium2Library">
<doc>Returns the text value of element identified by ``locator``.</doc>
<arguments>
<arg>xpath=(//a)[${INDEX}]</arg>
</arguments>
<assign>
<var>${lintext}</var>
</assign>
<msg timestamp="20181003 23:20:11.899" level="INFO">${lintext} = Partners</msg>
<status status="PASS" starttime="20181003 23:20:11.828" endtime="20181003 23:20:11.899"></status>
</kw>
<kw name="Log To Console" library="BuiltIn">
<doc>Logs the given message to the console.</doc>
<arguments>
<arg>${lintext}</arg>
</arguments>
<status status="PASS" starttime="20181003 23:20:11.899" endtime="20181003 23:20:11.899"></status>
</kw>
<kw name="Get Length" library="BuiltIn">
<doc>Returns and logs the length of the given item as an integer.</doc>
<arguments>
<arg>${lintext}</arg>
</arguments>
<assign>
<var>${linklength}</var>
</assign>
<msg timestamp="20181003 23:20:11.899" level="INFO">Length is 8</msg>
<msg timestamp="20181003 23:20:11.899" level="INFO">${linklength} = 8</msg>
<status status="PASS" starttime="20181003 23:20:11.899" endtime="20181003 23:20:11.899"></status>
</kw>
<kw name="Run Keyword If" library="BuiltIn">
<doc>Runs the given keyword with the given arguments, if ``condition`` is true.</doc>
<arguments>
<arg>${linklength}&gt;1</arg>
<arg>Append To List</arg>
<arg>${LinkItems}</arg>
<arg>${lintext}</arg>
</arguments>
<kw name="Append To List" library="Collections">
<doc>Adds ``values`` to the end of ``list``.</doc>
<arguments>
<arg>${LinkItems}</arg>
<arg>${lintext}</arg>
</arguments>
<status status="PASS" starttime="20181003 23:20:11.899" endtime="20181003 23:20:11.899"></status>
</kw>
<status status="PASS" starttime="20181003 23:20:11.899" endtime="20181003 23:20:11.899"></status>
</kw>
<status status="PASS" starttime="20181003 23:20:11.828" endtime="20181003 23:20:11.899"></status>
</kw>
<kw name="${INDEX} = 19" type="foritem">
<kw name="Log To Console" library="BuiltIn">
<doc>Logs the given message to the console.</doc>
<arguments>
<arg>${INDEX}</arg>
</arguments>
<status status="PASS" starttime="20181003 23:20:11.899" endtime="20181003 23:20:11.899"></status>
</kw>
<kw name="Get Text" library="Selenium2Library">
<doc>Returns the text value of element identified by ``locator``.</doc>
<arguments>
<arg>xpath=(//a)[${INDEX}]</arg>
</arguments>
<assign>
<var>${lintext}</var>
</assign>
<msg timestamp="20181003 23:20:11.996" level="INFO">${lintext} = Stations</msg>
<status status="PASS" starttime="20181003 23:20:11.899" endtime="20181003 23:20:11.996"></status>
</kw>
<kw name="Log To Console" library="BuiltIn">
<doc>Logs the given message to the console.</doc>
<arguments>
<arg>${lintext}</arg>
</arguments>
<status status="PASS" starttime="20181003 23:20:11.996" endtime="20181003 23:20:11.997"></status>
</kw>
<kw name="Get Length" library="BuiltIn">
<doc>Returns and logs the length of the given item as an integer.</doc>
<arguments>
<arg>${lintext}</arg>
</arguments>
<assign>
<var>${linklength}</var>
</assign>
<msg timestamp="20181003 23:20:11.998" level="INFO">Length is 8</msg>
<msg timestamp="20181003 23:20:11.998" level="INFO">${linklength} = 8</msg>
<status status="PASS" starttime="20181003 23:20:11.998" endtime="20181003 23:20:11.998"></status>
</kw>
<kw name="Run Keyword If" library="BuiltIn">
<doc>Runs the given keyword with the given arguments, if ``condition`` is true.</doc>
<arguments>
<arg>${linklength}&gt;1</arg>
<arg>Append To List</arg>
<arg>${LinkItems}</arg>
<arg>${lintext}</arg>
</arguments>
<kw name="Append To List" library="Collections">
<doc>Adds ``values`` to the end of ``list``.</doc>
<arguments>
<arg>${LinkItems}</arg>
<arg>${lintext}</arg>
</arguments>
<status status="PASS" starttime="20181003 23:20:12.000" endtime="20181003 23:20:12.000"></status>
</kw>
<status status="PASS" starttime="20181003 23:20:11.999" endtime="20181003 23:20:12.000"></status>
</kw>
<status status="PASS" starttime="20181003 23:20:11.899" endtime="20181003 23:20:12.000"></status>
</kw>
<kw name="${INDEX} = 20" type="foritem">
<kw name="Log To Console" library="BuiltIn">
<doc>Logs the given message to the console.</doc>
<arguments>
<arg>${INDEX}</arg>
</arguments>
<status status="PASS" starttime="20181003 23:20:12.001" endtime="20181003 23:20:12.001"></status>
</kw>
<kw name="Get Text" library="Selenium2Library">
<doc>Returns the text value of element identified by ``locator``.</doc>
<arguments>
<arg>xpath=(//a)[${INDEX}]</arg>
</arguments>
<assign>
<var>${lintext}</var>
</assign>
<msg timestamp="20181003 23:20:12.098" level="INFO">${lintext} = Widgets</msg>
<status status="PASS" starttime="20181003 23:20:12.002" endtime="20181003 23:20:12.098"></status>
</kw>
<kw name="Log To Console" library="BuiltIn">
<doc>Logs the given message to the console.</doc>
<arguments>
<arg>${lintext}</arg>
</arguments>
<status status="PASS" starttime="20181003 23:20:12.098" endtime="20181003 23:20:12.098"></status>
</kw>
<kw name="Get Length" library="BuiltIn">
<doc>Returns and logs the length of the given item as an integer.</doc>
<arguments>
<arg>${lintext}</arg>
</arguments>
<assign>
<var>${linklength}</var>
</assign>
<msg timestamp="20181003 23:20:12.098" level="INFO">Length is 7</msg>
<msg timestamp="20181003 23:20:12.098" level="INFO">${linklength} = 7</msg>
<status status="PASS" starttime="20181003 23:20:12.098" endtime="20181003 23:20:12.098"></status>
</kw>
<kw name="Run Keyword If" library="BuiltIn">
<doc>Runs the given keyword with the given arguments, if ``condition`` is true.</doc>
<arguments>
<arg>${linklength}&gt;1</arg>
<arg>Append To List</arg>
<arg>${LinkItems}</arg>
<arg>${lintext}</arg>
</arguments>
<kw name="Append To List" library="Collections">
<doc>Adds ``values`` to the end of ``list``.</doc>
<arguments>
<arg>${LinkItems}</arg>
<arg>${lintext}</arg>
</arguments>
<status status="PASS" starttime="20181003 23:20:12.098" endtime="20181003 23:20:12.098"></status>
</kw>
<status status="PASS" starttime="20181003 23:20:12.098" endtime="20181003 23:20:12.098"></status>
</kw>
<status status="PASS" starttime="20181003 23:20:12.000" endtime="20181003 23:20:12.098"></status>
</kw>
<kw name="${INDEX} = 21" type="foritem">
<kw name="Log To Console" library="BuiltIn">
<doc>Logs the given message to the console.</doc>
<arguments>
<arg>${INDEX}</arg>
</arguments>
<status status="PASS" starttime="20181003 23:20:12.098" endtime="20181003 23:20:12.098"></status>
</kw>
<kw name="Get Text" library="Selenium2Library">
<doc>Returns the text value of element identified by ``locator``.</doc>
<arguments>
<arg>xpath=(//a)[${INDEX}]</arg>
</arguments>
<assign>
<var>${lintext}</var>
</assign>
<msg timestamp="20181003 23:20:12.176" level="INFO">${lintext} = Blog</msg>
<status status="PASS" starttime="20181003 23:20:12.098" endtime="20181003 23:20:12.176"></status>
</kw>
<kw name="Log To Console" library="BuiltIn">
<doc>Logs the given message to the console.</doc>
<arguments>
<arg>${lintext}</arg>
</arguments>
<status status="PASS" starttime="20181003 23:20:12.176" endtime="20181003 23:20:12.176"></status>
</kw>
<kw name="Get Length" library="BuiltIn">
<doc>Returns and logs the length of the given item as an integer.</doc>
<arguments>
<arg>${lintext}</arg>
</arguments>
<assign>
<var>${linklength}</var>
</assign>
<msg timestamp="20181003 23:20:12.176" level="INFO">Length is 4</msg>
<msg timestamp="20181003 23:20:12.176" level="INFO">${linklength} = 4</msg>
<status status="PASS" starttime="20181003 23:20:12.176" endtime="20181003 23:20:12.176"></status>
</kw>
<kw name="Run Keyword If" library="BuiltIn">
<doc>Runs the given keyword with the given arguments, if ``condition`` is true.</doc>
<arguments>
<arg>${linklength}&gt;1</arg>
<arg>Append To List</arg>
<arg>${LinkItems}</arg>
<arg>${lintext}</arg>
</arguments>
<kw name="Append To List" library="Collections">
<doc>Adds ``values`` to the end of ``list``.</doc>
<arguments>
<arg>${LinkItems}</arg>
<arg>${lintext}</arg>
</arguments>
<status status="PASS" starttime="20181003 23:20:12.176" endtime="20181003 23:20:12.176"></status>
</kw>
<status status="PASS" starttime="20181003 23:20:12.176" endtime="20181003 23:20:12.176"></status>
</kw>
<status status="PASS" starttime="20181003 23:20:12.098" endtime="20181003 23:20:12.176"></status>
</kw>
<kw name="${INDEX} = 22" type="foritem">
<kw name="Log To Console" library="BuiltIn">
<doc>Logs the given message to the console.</doc>
<arguments>
<arg>${INDEX}</arg>
</arguments>
<status status="PASS" starttime="20181003 23:20:12.176" endtime="20181003 23:20:12.176"></status>
</kw>
<kw name="Get Text" library="Selenium2Library">
<doc>Returns the text value of element identified by ``locator``.</doc>
<arguments>
<arg>xpath=(//a)[${INDEX}]</arg>
</arguments>
<assign>
<var>${lintext}</var>
</assign>
<msg timestamp="20181003 23:20:12.254" level="INFO">${lintext} = [18.57, 73.92]</msg>
<status status="PASS" starttime="20181003 23:20:12.176" endtime="20181003 23:20:12.254"></status>
</kw>
<kw name="Log To Console" library="BuiltIn">
<doc>Logs the given message to the console.</doc>
<arguments>
<arg>${lintext}</arg>
</arguments>
<status status="PASS" starttime="20181003 23:20:12.254" endtime="20181003 23:20:12.254"></status>
</kw>
<kw name="Get Length" library="BuiltIn">
<doc>Returns and logs the length of the given item as an integer.</doc>
<arguments>
<arg>${lintext}</arg>
</arguments>
<assign>
<var>${linklength}</var>
</assign>
<msg timestamp="20181003 23:20:12.254" level="INFO">Length is 14</msg>
<msg timestamp="20181003 23:20:12.254" level="INFO">${linklength} = 14</msg>
<status status="PASS" starttime="20181003 23:20:12.254" endtime="20181003 23:20:12.254"></status>
</kw>
<kw name="Run Keyword If" library="BuiltIn">
<doc>Runs the given keyword with the given arguments, if ``condition`` is true.</doc>
<arguments>
<arg>${linklength}&gt;1</arg>
<arg>Append To List</arg>
<arg>${LinkItems}</arg>
<arg>${lintext}</arg>
</arguments>
<kw name="Append To List" library="Collections">
<doc>Adds ``values`` to the end of ``list``.</doc>
<arguments>
<arg>${LinkItems}</arg>
<arg>${lintext}</arg>
</arguments>
<status status="PASS" starttime="20181003 23:20:12.254" endtime="20181003 23:20:12.254"></status>
</kw>
<status status="PASS" starttime="20181003 23:20:12.254" endtime="20181003 23:20:12.254"></status>
</kw>
<status status="PASS" starttime="20181003 23:20:12.176" endtime="20181003 23:20:12.254"></status>
</kw>
<kw name="${INDEX} = 23" type="foritem">
<kw name="Log To Console" library="BuiltIn">
<doc>Logs the given message to the console.</doc>
<arguments>
<arg>${INDEX}</arg>
</arguments>
<status status="PASS" starttime="20181003 23:20:12.254" endtime="20181003 23:20:12.254"></status>
</kw>
<kw name="Get Text" library="Selenium2Library">
<doc>Returns the text value of element identified by ``locator``.</doc>
<arguments>
<arg>xpath=(//a)[${INDEX}]</arg>
</arguments>
<assign>
<var>${lintext}</var>
</assign>
<msg timestamp="20181003 23:20:12.332" level="INFO">${lintext} = Main</msg>
<status status="PASS" starttime="20181003 23:20:12.254" endtime="20181003 23:20:12.332"></status>
</kw>
<kw name="Log To Console" library="BuiltIn">
<doc>Logs the given message to the console.</doc>
<arguments>
<arg>${lintext}</arg>
</arguments>
<status status="PASS" starttime="20181003 23:20:12.332" endtime="20181003 23:20:12.332"></status>
</kw>
<kw name="Get Length" library="BuiltIn">
<doc>Returns and logs the length of the given item as an integer.</doc>
<arguments>
<arg>${lintext}</arg>
</arguments>
<assign>
<var>${linklength}</var>
</assign>
<msg timestamp="20181003 23:20:12.332" level="INFO">Length is 4</msg>
<msg timestamp="20181003 23:20:12.332" level="INFO">${linklength} = 4</msg>
<status status="PASS" starttime="20181003 23:20:12.332" endtime="20181003 23:20:12.332"></status>
</kw>
<kw name="Run Keyword If" library="BuiltIn">
<doc>Runs the given keyword with the given arguments, if ``condition`` is true.</doc>
<arguments>
<arg>${linklength}&gt;1</arg>
<arg>Append To List</arg>
<arg>${LinkItems}</arg>
<arg>${lintext}</arg>
</arguments>
<kw name="Append To List" library="Collections">
<doc>Adds ``values`` to the end of ``list``.</doc>
<arguments>
<arg>${LinkItems}</arg>
<arg>${lintext}</arg>
</arguments>
<status status="PASS" starttime="20181003 23:20:12.332" endtime="20181003 23:20:12.332"></status>
</kw>
<status status="PASS" starttime="20181003 23:20:12.332" endtime="20181003 23:20:12.332"></status>
</kw>
<status status="PASS" starttime="20181003 23:20:12.254" endtime="20181003 23:20:12.332"></status>
</kw>
<kw name="${INDEX} = 24" type="foritem">
<kw name="Log To Console" library="BuiltIn">
<doc>Logs the given message to the console.</doc>
<arguments>
<arg>${INDEX}</arg>
</arguments>
<status status="PASS" starttime="20181003 23:20:12.332" endtime="20181003 23:20:12.332"></status>
</kw>
<kw name="Get Text" library="Selenium2Library">
<doc>Returns the text value of element identified by ``locator``.</doc>
<arguments>
<arg>xpath=(//a)[${INDEX}]</arg>
</arguments>
<assign>
<var>${lintext}</var>
</assign>
<msg timestamp="20181003 23:20:12.426" level="INFO">${lintext} = Daily</msg>
<status status="PASS" starttime="20181003 23:20:12.332" endtime="20181003 23:20:12.426"></status>
</kw>
<kw name="Log To Console" library="BuiltIn">
<doc>Logs the given message to the console.</doc>
<arguments>
<arg>${lintext}</arg>
</arguments>
<status status="PASS" starttime="20181003 23:20:12.426" endtime="20181003 23:20:12.426"></status>
</kw>
<kw name="Get Length" library="BuiltIn">
<doc>Returns and logs the length of the given item as an integer.</doc>
<arguments>
<arg>${lintext}</arg>
</arguments>
<assign>
<var>${linklength}</var>
</assign>
<msg timestamp="20181003 23:20:12.426" level="INFO">Length is 5</msg>
<msg timestamp="20181003 23:20:12.426" level="INFO">${linklength} = 5</msg>
<status status="PASS" starttime="20181003 23:20:12.426" endtime="20181003 23:20:12.426"></status>
</kw>
<kw name="Run Keyword If" library="BuiltIn">
<doc>Runs the given keyword with the given arguments, if ``condition`` is true.</doc>
<arguments>
<arg>${linklength}&gt;1</arg>
<arg>Append To List</arg>
<arg>${LinkItems}</arg>
<arg>${lintext}</arg>
</arguments>
<kw name="Append To List" library="Collections">
<doc>Adds ``values`` to the end of ``list``.</doc>
<arguments>
<arg>${LinkItems}</arg>
<arg>${lintext}</arg>
</arguments>
<status status="PASS" starttime="20181003 23:20:12.426" endtime="20181003 23:20:12.426"></status>
</kw>
<status status="PASS" starttime="20181003 23:20:12.426" endtime="20181003 23:20:12.426"></status>
</kw>
<status status="PASS" starttime="20181003 23:20:12.332" endtime="20181003 23:20:12.426"></status>
</kw>
<kw name="${INDEX} = 25" type="foritem">
<kw name="Log To Console" library="BuiltIn">
<doc>Logs the given message to the console.</doc>
<arguments>
<arg>${INDEX}</arg>
</arguments>
<status status="PASS" starttime="20181003 23:20:12.426" endtime="20181003 23:20:12.426"></status>
</kw>
<kw name="Get Text" library="Selenium2Library">
<doc>Returns the text value of element identified by ``locator``.</doc>
<arguments>
<arg>xpath=(//a)[${INDEX}]</arg>
</arguments>
<assign>
<var>${lintext}</var>
</assign>
<msg timestamp="20181003 23:20:12.505" level="INFO">${lintext} = Hourly</msg>
<status status="PASS" starttime="20181003 23:20:12.426" endtime="20181003 23:20:12.505"></status>
</kw>
<kw name="Log To Console" library="BuiltIn">
<doc>Logs the given message to the console.</doc>
<arguments>
<arg>${lintext}</arg>
</arguments>
<status status="PASS" starttime="20181003 23:20:12.505" endtime="20181003 23:20:12.505"></status>
</kw>
<kw name="Get Length" library="BuiltIn">
<doc>Returns and logs the length of the given item as an integer.</doc>
<arguments>
<arg>${lintext}</arg>
</arguments>
<assign>
<var>${linklength}</var>
</assign>
<msg timestamp="20181003 23:20:12.505" level="INFO">Length is 6</msg>
<msg timestamp="20181003 23:20:12.505" level="INFO">${linklength} = 6</msg>
<status status="PASS" starttime="20181003 23:20:12.505" endtime="20181003 23:20:12.505"></status>
</kw>
<kw name="Run Keyword If" library="BuiltIn">
<doc>Runs the given keyword with the given arguments, if ``condition`` is true.</doc>
<arguments>
<arg>${linklength}&gt;1</arg>
<arg>Append To List</arg>
<arg>${LinkItems}</arg>
<arg>${lintext}</arg>
</arguments>
<kw name="Append To List" library="Collections">
<doc>Adds ``values`` to the end of ``list``.</doc>
<arguments>
<arg>${LinkItems}</arg>
<arg>${lintext}</arg>
</arguments>
<status status="PASS" starttime="20181003 23:20:12.505" endtime="20181003 23:20:12.505"></status>
</kw>
<status status="PASS" starttime="20181003 23:20:12.505" endtime="20181003 23:20:12.505"></status>
</kw>
<status status="PASS" starttime="20181003 23:20:12.426" endtime="20181003 23:20:12.505"></status>
</kw>
<kw name="${INDEX} = 26" type="foritem">
<kw name="Log To Console" library="BuiltIn">
<doc>Logs the given message to the console.</doc>
<arguments>
<arg>${INDEX}</arg>
</arguments>
<status status="PASS" starttime="20181003 23:20:12.505" endtime="20181003 23:20:12.505"></status>
</kw>
<kw name="Get Text" library="Selenium2Library">
<doc>Returns the text value of element identified by ``locator``.</doc>
<arguments>
<arg>xpath=(//a)[${INDEX}]</arg>
</arguments>
<assign>
<var>${lintext}</var>
</assign>
<msg timestamp="20181003 23:20:12.585" level="INFO">${lintext} = Chart</msg>
<status status="PASS" starttime="20181003 23:20:12.505" endtime="20181003 23:20:12.585"></status>
</kw>
<kw name="Log To Console" library="BuiltIn">
<doc>Logs the given message to the console.</doc>
<arguments>
<arg>${lintext}</arg>
</arguments>
<status status="PASS" starttime="20181003 23:20:12.585" endtime="20181003 23:20:12.585"></status>
</kw>
<kw name="Get Length" library="BuiltIn">
<doc>Returns and logs the length of the given item as an integer.</doc>
<arguments>
<arg>${lintext}</arg>
</arguments>
<assign>
<var>${linklength}</var>
</assign>
<msg timestamp="20181003 23:20:12.585" level="INFO">Length is 5</msg>
<msg timestamp="20181003 23:20:12.585" level="INFO">${linklength} = 5</msg>
<status status="PASS" starttime="20181003 23:20:12.585" endtime="20181003 23:20:12.585"></status>
</kw>
<kw name="Run Keyword If" library="BuiltIn">
<doc>Runs the given keyword with the given arguments, if ``condition`` is true.</doc>
<arguments>
<arg>${linklength}&gt;1</arg>
<arg>Append To List</arg>
<arg>${LinkItems}</arg>
<arg>${lintext}</arg>
</arguments>
<kw name="Append To List" library="Collections">
<doc>Adds ``values`` to the end of ``list``.</doc>
<arguments>
<arg>${LinkItems}</arg>
<arg>${lintext}</arg>
</arguments>
<status status="PASS" starttime="20181003 23:20:12.585" endtime="20181003 23:20:12.585"></status>
</kw>
<status status="PASS" starttime="20181003 23:20:12.585" endtime="20181003 23:20:12.585"></status>
</kw>
<status status="PASS" starttime="20181003 23:20:12.505" endtime="20181003 23:20:12.585"></status>
</kw>
<kw name="${INDEX} = 27" type="foritem">
<kw name="Log To Console" library="BuiltIn">
<doc>Logs the given message to the console.</doc>
<arguments>
<arg>${INDEX}</arg>
</arguments>
<status status="PASS" starttime="20181003 23:20:12.585" endtime="20181003 23:20:12.585"></status>
</kw>
<kw name="Get Text" library="Selenium2Library">
<doc>Returns the text value of element identified by ``locator``.</doc>
<arguments>
<arg>xpath=(//a)[${INDEX}]</arg>
</arguments>
<assign>
<var>${lintext}</var>
</assign>
<msg timestamp="20181003 23:20:12.679" level="INFO">${lintext} = Map</msg>
<status status="PASS" starttime="20181003 23:20:12.585" endtime="20181003 23:20:12.679"></status>
</kw>
<kw name="Log To Console" library="BuiltIn">
<doc>Logs the given message to the console.</doc>
<arguments>
<arg>${lintext}</arg>
</arguments>
<status status="PASS" starttime="20181003 23:20:12.679" endtime="20181003 23:20:12.679"></status>
</kw>
<kw name="Get Length" library="BuiltIn">
<doc>Returns and logs the length of the given item as an integer.</doc>
<arguments>
<arg>${lintext}</arg>
</arguments>
<assign>
<var>${linklength}</var>
</assign>
<msg timestamp="20181003 23:20:12.679" level="INFO">Length is 3</msg>
<msg timestamp="20181003 23:20:12.679" level="INFO">${linklength} = 3</msg>
<status status="PASS" starttime="20181003 23:20:12.679" endtime="20181003 23:20:12.679"></status>
</kw>
<kw name="Run Keyword If" library="BuiltIn">
<doc>Runs the given keyword with the given arguments, if ``condition`` is true.</doc>
<arguments>
<arg>${linklength}&gt;1</arg>
<arg>Append To List</arg>
<arg>${LinkItems}</arg>
<arg>${lintext}</arg>
</arguments>
<kw name="Append To List" library="Collections">
<doc>Adds ``values`` to the end of ``list``.</doc>
<arguments>
<arg>${LinkItems}</arg>
<arg>${lintext}</arg>
</arguments>
<status status="PASS" starttime="20181003 23:20:12.679" endtime="20181003 23:20:12.679"></status>
</kw>
<status status="PASS" starttime="20181003 23:20:12.679" endtime="20181003 23:20:12.679"></status>
</kw>
<status status="PASS" starttime="20181003 23:20:12.585" endtime="20181003 23:20:12.679"></status>
</kw>
<kw name="${INDEX} = 28" type="foritem">
<kw name="Log To Console" library="BuiltIn">
<doc>Logs the given message to the console.</doc>
<arguments>
<arg>${INDEX}</arg>
</arguments>
<status status="PASS" starttime="20181003 23:20:12.679" endtime="20181003 23:20:12.679"></status>
</kw>
<kw name="Get Text" library="Selenium2Library">
<doc>Returns the text value of element identified by ``locator``.</doc>
<arguments>
<arg>xpath=(//a)[${INDEX}]</arg>
</arguments>
<assign>
<var>${lintext}</var>
</assign>
<msg timestamp="20181003 23:20:12.741" level="INFO">${lintext} = More weather in your city</msg>
<status status="PASS" starttime="20181003 23:20:12.679" endtime="20181003 23:20:12.741"></status>
</kw>
<kw name="Log To Console" library="BuiltIn">
<doc>Logs the given message to the console.</doc>
<arguments>
<arg>${lintext}</arg>
</arguments>
<status status="PASS" starttime="20181003 23:20:12.741" endtime="20181003 23:20:12.741"></status>
</kw>
<kw name="Get Length" library="BuiltIn">
<doc>Returns and logs the length of the given item as an integer.</doc>
<arguments>
<arg>${lintext}</arg>
</arguments>
<assign>
<var>${linklength}</var>
</assign>
<msg timestamp="20181003 23:20:12.741" level="INFO">Length is 25</msg>
<msg timestamp="20181003 23:20:12.741" level="INFO">${linklength} = 25</msg>
<status status="PASS" starttime="20181003 23:20:12.741" endtime="20181003 23:20:12.741"></status>
</kw>
<kw name="Run Keyword If" library="BuiltIn">
<doc>Runs the given keyword with the given arguments, if ``condition`` is true.</doc>
<arguments>
<arg>${linklength}&gt;1</arg>
<arg>Append To List</arg>
<arg>${LinkItems}</arg>
<arg>${lintext}</arg>
</arguments>
<kw name="Append To List" library="Collections">
<doc>Adds ``values`` to the end of ``list``.</doc>
<arguments>
<arg>${LinkItems}</arg>
<arg>${lintext}</arg>
</arguments>
<status status="PASS" starttime="20181003 23:20:12.757" endtime="20181003 23:20:12.757"></status>
</kw>
<status status="PASS" starttime="20181003 23:20:12.741" endtime="20181003 23:20:12.757"></status>
</kw>
<status status="PASS" starttime="20181003 23:20:12.679" endtime="20181003 23:20:12.757"></status>
</kw>
<kw name="${INDEX} = 29" type="foritem">
<kw name="Log To Console" library="BuiltIn">
<doc>Logs the given message to the console.</doc>
<arguments>
<arg>${INDEX}</arg>
</arguments>
<status status="PASS" starttime="20181003 23:20:12.757" endtime="20181003 23:20:12.757"></status>
</kw>
<kw name="Get Text" library="Selenium2Library">
<doc>Returns the text value of element identified by ``locator``.</doc>
<arguments>
<arg>xpath=(//a)[${INDEX}]</arg>
</arguments>
<assign>
<var>${lintext}</var>
</assign>
<msg timestamp="20181003 23:20:12.831" level="INFO">${lintext} = </msg>
<status status="PASS" starttime="20181003 23:20:12.757" endtime="20181003 23:20:12.831"></status>
</kw>
<kw name="Log To Console" library="BuiltIn">
<doc>Logs the given message to the console.</doc>
<arguments>
<arg>${lintext}</arg>
</arguments>
<status status="PASS" starttime="20181003 23:20:12.831" endtime="20181003 23:20:12.831"></status>
</kw>
<kw name="Get Length" library="BuiltIn">
<doc>Returns and logs the length of the given item as an integer.</doc>
<arguments>
<arg>${lintext}</arg>
</arguments>
<assign>
<var>${linklength}</var>
</assign>
<msg timestamp="20181003 23:20:12.831" level="INFO">Length is 0</msg>
<msg timestamp="20181003 23:20:12.831" level="INFO">${linklength} = 0</msg>
<status status="PASS" starttime="20181003 23:20:12.831" endtime="20181003 23:20:12.831"></status>
</kw>
<kw name="Run Keyword If" library="BuiltIn">
<doc>Runs the given keyword with the given arguments, if ``condition`` is true.</doc>
<arguments>
<arg>${linklength}&gt;1</arg>
<arg>Append To List</arg>
<arg>${LinkItems}</arg>
<arg>${lintext}</arg>
</arguments>
<status status="PASS" starttime="20181003 23:20:12.831" endtime="20181003 23:20:12.831"></status>
</kw>
<status status="PASS" starttime="20181003 23:20:12.757" endtime="20181003 23:20:12.831"></status>
</kw>
<kw name="${INDEX} = 30" type="foritem">
<kw name="Log To Console" library="BuiltIn">
<doc>Logs the given message to the console.</doc>
<arguments>
<arg>${INDEX}</arg>
</arguments>
<status status="PASS" starttime="20181003 23:20:12.831" endtime="20181003 23:20:12.831"></status>
</kw>
<kw name="Get Text" library="Selenium2Library">
<doc>Returns the text value of element identified by ``locator``.</doc>
<arguments>
<arg>xpath=(//a)[${INDEX}]</arg>
</arguments>
<assign>
<var>${lintext}</var>
</assign>
<msg timestamp="20181003 23:20:12.909" level="INFO">${lintext} = www.agromonitoring.com</msg>
<status status="PASS" starttime="20181003 23:20:12.831" endtime="20181003 23:20:12.909"></status>
</kw>
<kw name="Log To Console" library="BuiltIn">
<doc>Logs the given message to the console.</doc>
<arguments>
<arg>${lintext}</arg>
</arguments>
<status status="PASS" starttime="20181003 23:20:12.909" endtime="20181003 23:20:12.909"></status>
</kw>
<kw name="Get Length" library="BuiltIn">
<doc>Returns and logs the length of the given item as an integer.</doc>
<arguments>
<arg>${lintext}</arg>
</arguments>
<assign>
<var>${linklength}</var>
</assign>
<msg timestamp="20181003 23:20:12.909" level="INFO">Length is 22</msg>
<msg timestamp="20181003 23:20:12.909" level="INFO">${linklength} = 22</msg>
<status status="PASS" starttime="20181003 23:20:12.909" endtime="20181003 23:20:12.909"></status>
</kw>
<kw name="Run Keyword If" library="BuiltIn">
<doc>Runs the given keyword with the given arguments, if ``condition`` is true.</doc>
<arguments>
<arg>${linklength}&gt;1</arg>
<arg>Append To List</arg>
<arg>${LinkItems}</arg>
<arg>${lintext}</arg>
</arguments>
<kw name="Append To List" library="Collections">
<doc>Adds ``values`` to the end of ``list``.</doc>
<arguments>
<arg>${LinkItems}</arg>
<arg>${lintext}</arg>
</arguments>
<status status="PASS" starttime="20181003 23:20:12.909" endtime="20181003 23:20:12.909"></status>
</kw>
<status status="PASS" starttime="20181003 23:20:12.909" endtime="20181003 23:20:12.909"></status>
</kw>
<status status="PASS" starttime="20181003 23:20:12.831" endtime="20181003 23:20:12.909"></status>
</kw>
<kw name="${INDEX} = 31" type="foritem">
<kw name="Log To Console" library="BuiltIn">
<doc>Logs the given message to the console.</doc>
<arguments>
<arg>${INDEX}</arg>
</arguments>
<status status="PASS" starttime="20181003 23:20:12.909" endtime="20181003 23:20:12.909"></status>
</kw>
<kw name="Get Text" library="Selenium2Library">
<doc>Returns the text value of element identified by ``locator``.</doc>
<arguments>
<arg>xpath=(//a)[${INDEX}]</arg>
</arguments>
<assign>
<var>${lintext}</var>
</assign>
<msg timestamp="20181003 23:20:12.971" level="INFO">${lintext} = www.agromonitoring.com</msg>
<status status="PASS" starttime="20181003 23:20:12.909" endtime="20181003 23:20:12.971"></status>
</kw>
<kw name="Log To Console" library="BuiltIn">
<doc>Logs the given message to the console.</doc>
<arguments>
<arg>${lintext}</arg>
</arguments>
<status status="PASS" starttime="20181003 23:20:12.971" endtime="20181003 23:20:12.987"></status>
</kw>
<kw name="Get Length" library="BuiltIn">
<doc>Returns and logs the length of the given item as an integer.</doc>
<arguments>
<arg>${lintext}</arg>
</arguments>
<assign>
<var>${linklength}</var>
</assign>
<msg timestamp="20181003 23:20:12.987" level="INFO">Length is 22</msg>
<msg timestamp="20181003 23:20:12.987" level="INFO">${linklength} = 22</msg>
<status status="PASS" starttime="20181003 23:20:12.987" endtime="20181003 23:20:12.987"></status>
</kw>
<kw name="Run Keyword If" library="BuiltIn">
<doc>Runs the given keyword with the given arguments, if ``condition`` is true.</doc>
<arguments>
<arg>${linklength}&gt;1</arg>
<arg>Append To List</arg>
<arg>${LinkItems}</arg>
<arg>${lintext}</arg>
</arguments>
<kw name="Append To List" library="Collections">
<doc>Adds ``values`` to the end of ``list``.</doc>
<arguments>
<arg>${LinkItems}</arg>
<arg>${lintext}</arg>
</arguments>
<status status="PASS" starttime="20181003 23:20:12.987" endtime="20181003 23:20:12.987"></status>
</kw>
<status status="PASS" starttime="20181003 23:20:12.987" endtime="20181003 23:20:12.987"></status>
</kw>
<status status="PASS" starttime="20181003 23:20:12.909" endtime="20181003 23:20:12.987"></status>
</kw>
<kw name="${INDEX} = 32" type="foritem">
<kw name="Log To Console" library="BuiltIn">
<doc>Logs the given message to the console.</doc>
<arguments>
<arg>${INDEX}</arg>
</arguments>
<status status="PASS" starttime="20181003 23:20:12.987" endtime="20181003 23:20:12.987"></status>
</kw>
<kw name="Get Text" library="Selenium2Library">
<doc>Returns the text value of element identified by ``locator``.</doc>
<arguments>
<arg>xpath=(//a)[${INDEX}]</arg>
</arguments>
<assign>
<var>${lintext}</var>
</assign>
<msg timestamp="20181003 23:20:13.049" level="INFO">${lintext} = blog</msg>
<status status="PASS" starttime="20181003 23:20:12.987" endtime="20181003 23:20:13.049"></status>
</kw>
<kw name="Log To Console" library="BuiltIn">
<doc>Logs the given message to the console.</doc>
<arguments>
<arg>${lintext}</arg>
</arguments>
<status status="PASS" starttime="20181003 23:20:13.049" endtime="20181003 23:20:13.049"></status>
</kw>
<kw name="Get Length" library="BuiltIn">
<doc>Returns and logs the length of the given item as an integer.</doc>
<arguments>
<arg>${lintext}</arg>
</arguments>
<assign>
<var>${linklength}</var>
</assign>
<msg timestamp="20181003 23:20:13.049" level="INFO">Length is 4</msg>
<msg timestamp="20181003 23:20:13.049" level="INFO">${linklength} = 4</msg>
<status status="PASS" starttime="20181003 23:20:13.049" endtime="20181003 23:20:13.049"></status>
</kw>
<kw name="Run Keyword If" library="BuiltIn">
<doc>Runs the given keyword with the given arguments, if ``condition`` is true.</doc>
<arguments>
<arg>${linklength}&gt;1</arg>
<arg>Append To List</arg>
<arg>${LinkItems}</arg>
<arg>${lintext}</arg>
</arguments>
<kw name="Append To List" library="Collections">
<doc>Adds ``values`` to the end of ``list``.</doc>
<arguments>
<arg>${LinkItems}</arg>
<arg>${lintext}</arg>
</arguments>
<status status="PASS" starttime="20181003 23:20:13.049" endtime="20181003 23:20:13.065"></status>
</kw>
<status status="PASS" starttime="20181003 23:20:13.049" endtime="20181003 23:20:13.065"></status>
</kw>
<status status="PASS" starttime="20181003 23:20:12.987" endtime="20181003 23:20:13.065"></status>
</kw>
<kw name="${INDEX} = 33" type="foritem">
<kw name="Log To Console" library="BuiltIn">
<doc>Logs the given message to the console.</doc>
<arguments>
<arg>${INDEX}</arg>
</arguments>
<status status="PASS" starttime="20181003 23:20:13.065" endtime="20181003 23:20:13.065"></status>
</kw>
<kw name="Get Text" library="Selenium2Library">
<doc>Returns the text value of element identified by ``locator``.</doc>
<arguments>
<arg>xpath=(//a)[${INDEX}]</arg>
</arguments>
<assign>
<var>${lintext}</var>
</assign>
<msg timestamp="20181003 23:20:13.127" level="INFO">${lintext} = info@openweathermap.org</msg>
[...]
<status status="PASS" starttime="20181003 23:21:01.998" endtime="20181003 23:21:02.001"></status>
</kw>
<msg timestamp="20181003 23:21:02.001" level="INFO">${InvalidLoginScenarios} = [['anusngh1986@gmail.com', 'getsetgo', 'Invalid Email or password'], ['anusngh1986@gmail.com', 'getsetgo', 'Invalid Email or password'], ['#BLANK', '#BLANK', 'Invalid Email or password']]</msg>
<status status="PASS" starttime="20181003 23:21:01.996" endtime="20181003 23:21:02.002"></status>
</kw>
<kw name="Login with Many Invalid Credentials" library="WeatherSignIn">
<arguments>
<arg>${InvalidLoginScenarios}</arg>
</arguments>
<kw name="${LoginScenario} IN [ @{InvalidLoginScenarios} ]" type="for">
<kw name="${LoginScenario} = ['anusngh1986@gmail.com', 'getsetgo', 'Invalid Email or password']" type="foritem">
<kw name="Run Keyword And Continue On Failure" library="BuiltIn">
<doc>Runs the keyword and continues execution even if a failure occurs.</doc>
<arguments>
<arg>SignIn.Navigate To</arg>
</arguments>
<kw name="Navigate To" library="SignIn">
<kw name="Catenate" library="BuiltIn">
<doc>Catenates the given items together and returns the resulted string.</doc>
<arguments>
<arg>SEPARATOR=/</arg>
<arg>${HOME_BASE_URL.${ENVIRONMENT}}</arg>
<arg>${LOGIN_URL}</arg>
</arguments>
<assign>
<var>${SignInUrl}</var>
</assign>
<msg timestamp="20181003 23:21:02.009" level="INFO">${SignInUrl} = https://home.openweathermap.org/users/sign_in</msg>
<status status="PASS" starttime="20181003 23:21:02.008" endtime="20181003 23:21:02.010"></status>
</kw>
<kw name="Go To" library="Selenium2Library">
<doc>Navigates the active browser instance to the provided ``url``.</doc>
<arguments>
<arg>${SignInUrl}</arg>
</arguments>
<msg timestamp="20181003 23:21:02.015" level="INFO">Opening url 'https://home.openweathermap.org/users/sign_in'</msg>
<status status="PASS" starttime="20181003 23:21:02.011" endtime="20181003 23:21:06.750"></status>
</kw>
<status status="PASS" starttime="20181003 23:21:02.007" endtime="20181003 23:21:06.751"></status>
</kw>
<status status="PASS" starttime="20181003 23:21:02.006" endtime="20181003 23:21:06.751"></status>
</kw>
<kw name="Run Keyword And Continue On Failure" library="BuiltIn">
<doc>Runs the keyword and continues execution even if a failure occurs.</doc>
<arguments>
<arg>Attempt Login</arg>
<arg>${LoginScenario}</arg>
</arguments>
<kw name="Attempt Login" library="WeatherSignIn">
<arguments>
<arg>${LoginScenario}</arg>
</arguments>
<kw name="Enter Credentials" library="SignIn">
<arguments>
<arg>${Credentials}</arg>
</arguments>
<kw name="Run Keyword Unless" library="BuiltIn">
<doc>Runs the given keyword with the given arguments, if ``condition`` is false.</doc>
<arguments>
<arg>'${Credentials[0]}' == '#BLANK'</arg>
<arg>Input Text</arg>
<arg>${SIGN_IN_EMAIL}</arg>
<arg>${Credentials[0]}</arg>
</arguments>
<kw name="Input Text" library="Selenium2Library">
<doc>Types the given ``text`` into text field identified by ``locator``.</doc>
<arguments>
<arg>${SIGN_IN_EMAIL}</arg>
<arg>${Credentials[0]}</arg>
</arguments>
<msg timestamp="20181003 23:21:06.759" level="INFO">Typing text 'anusngh1986@gmail.com' into text field 'xpath=//INPUT[@id='user_email']'.</msg>
<status status="PASS" starttime="20181003 23:21:06.757" endtime="20181003 23:21:07.467"></status>
</kw>
<status status="PASS" starttime="20181003 23:21:06.756" endtime="20181003 23:21:07.467"></status>
</kw>
<kw name="Run Keyword Unless" library="BuiltIn">
<doc>Runs the given keyword with the given arguments, if ``condition`` is false.</doc>
<arguments>
<arg>'${Credentials[1]}' == '#BLANK'</arg>
<arg>Input Text</arg>
<arg>${SIGN_IN_PASSWORD}</arg>
<arg>${Credentials[1]}</arg>
</arguments>
<kw name="Input Text" library="Selenium2Library">
<doc>Types the given ``text`` into text field identified by ``locator``.</doc>
<arguments>
<arg>${SIGN_IN_PASSWORD}</arg>
<arg>${Credentials[1]}</arg>
</arguments>
<msg timestamp="20181003 23:21:07.470" level="INFO">Typing text 'getsetgo' into text field 'xpath=//INPUT[@id='user_password']'.</msg>
<status status="PASS" starttime="20181003 23:21:07.469" endtime="20181003 23:21:07.889"></status>
</kw>
<status status="PASS" starttime="20181003 23:21:07.468" endtime="20181003 23:21:07.889"></status>
</kw>
<status status="PASS" starttime="20181003 23:21:06.754" endtime="20181003 23:21:07.890"></status>
</kw>
<kw name="Click Submit" library="SignIn">
<kw name="Click Button" library="Selenium2Library">
<doc>Clicks button identified by ``locator``.</doc>
<arguments>
<arg>${LOGIN_SUBMIT_BUTTON}</arg>
</arguments>
<msg timestamp="20181003 23:21:07.892" level="INFO">Clicking button 'xpath=(//INPUT[@type='submit'])[1]'.</msg>
<status status="PASS" starttime="20181003 23:21:07.891" endtime="20181003 23:21:08.840"></status>
</kw>
<status status="PASS" starttime="20181003 23:21:07.890" endtime="20181003 23:21:08.841"></status>
</kw>
<kw name="Sleep" library="BuiltIn">
<doc>Pauses the test executed for the given time.</doc>
<arguments>
<arg>1s</arg>
</arguments>
<msg timestamp="20181003 23:21:09.852" level="INFO">Slept 1 second</msg>
<status status="PASS" starttime="20181003 23:21:08.841" endtime="20181003 23:21:09.852"></status>
</kw>
<status status="PASS" starttime="20181003 23:21:06.753" endtime="20181003 23:21:09.852"></status>
</kw>
<status status="PASS" starttime="20181003 23:21:06.752" endtime="20181003 23:21:09.852"></status>
</kw>
<kw name="Run Keyword And Continue On Failure" library="BuiltIn">
<doc>Runs the keyword and continues execution even if a failure occurs.</doc>
<arguments>
<arg>Verify Login Page Error Message</arg>
<arg>${LoginScenario}</arg>
</arguments>
<kw name="Verify Login Page Error Message" library="WeatherSignIn">
<arguments>
<arg>${LoginScenario}</arg>
</arguments>
<kw name="Verify Error Message" library="SignIn">
<arguments>
<arg>${ExpectedErrorMessage}</arg>
</arguments>
<kw name="Page Should Contain" library="Selenium2Library">
<doc>Verifies that current page contains ``text``.</doc>
<arguments>
<arg>${ExpectedErrorMessage[2]}</arg>
</arguments>
<msg timestamp="20181003 23:21:09.899" level="INFO">Current page contains text 'Invalid Email or password'.</msg>
<status status="PASS" starttime="20181003 23:21:09.852" endtime="20181003 23:21:09.899"></status>
</kw>
<status status="PASS" starttime="20181003 23:21:09.852" endtime="20181003 23:21:09.899"></status>
</kw>
<status status="PASS" starttime="20181003 23:21:09.852" endtime="20181003 23:21:09.899"></status>
</kw>
<status status="PASS" starttime="20181003 23:21:09.852" endtime="20181003 23:21:09.899"></status>
</kw>
<status status="PASS" starttime="20181003 23:21:02.005" endtime="20181003 23:21:09.899"></status>
</kw>
<kw name="${LoginScenario} = ['anusngh1986@gmail.com', 'getsetgo', 'Invalid Email or password']" type="foritem">
<kw name="Run Keyword And Continue On Failure" library="BuiltIn">
<doc>Runs the keyword and continues execution even if a failure occurs.</doc>
<arguments>
<arg>SignIn.Navigate To</arg>
</arguments>
<kw name="Navigate To" library="SignIn">
<kw name="Catenate" library="BuiltIn">
<doc>Catenates the given items together and returns the resulted string.</doc>
<arguments>
<arg>SEPARATOR=/</arg>
<arg>${HOME_BASE_URL.${ENVIRONMENT}}</arg>
<arg>${LOGIN_URL}</arg>
</arguments>
<assign>
<var>${SignInUrl}</var>
</assign>
<msg timestamp="20181003 23:21:09.899" level="INFO">${SignInUrl} = https://home.openweathermap.org/users/sign_in</msg>
<status status="PASS" starttime="20181003 23:21:09.899" endtime="20181003 23:21:09.899"></status>
</kw>
<kw name="Go To" library="Selenium2Library">
<doc>Navigates the active browser instance to the provided ``url``.</doc>
<arguments>
<arg>${SignInUrl}</arg>
</arguments>
<msg timestamp="20181003 23:21:09.899" level="INFO">Opening url 'https://home.openweathermap.org/users/sign_in'</msg>
<status status="PASS" starttime="20181003 23:21:09.899" endtime="20181003 23:21:10.865"></status>
</kw>
<status status="PASS" starttime="20181003 23:21:09.899" endtime="20181003 23:21:10.866"></status>
</kw>
<status status="PASS" starttime="20181003 23:21:09.899" endtime="20181003 23:21:10.866"></status>
</kw>
<kw name="Run Keyword And Continue On Failure" library="BuiltIn">
<doc>Runs the keyword and continues execution even if a failure occurs.</doc>
<arguments>
<arg>Attempt Login</arg>
<arg>${LoginScenario}</arg>
</arguments>
<kw name="Attempt Login" library="WeatherSignIn">
<arguments>
<arg>${LoginScenario}</arg>
</arguments>
<kw name="Enter Credentials" library="SignIn">
<arguments>
<arg>${Credentials}</arg>
</arguments>
<kw name="Run Keyword Unless" library="BuiltIn">
<doc>Runs the given keyword with the given arguments, if ``condition`` is false.</doc>
<arguments>
<arg>'${Credentials[0]}' == '#BLANK'</arg>
<arg>Input Text</arg>
<arg>${SIGN_IN_EMAIL}</arg>
<arg>${Credentials[0]}</arg>
</arguments>
<kw name="Input Text" library="Selenium2Library">
<doc>Types the given ``text`` into text field identified by ``locator``.</doc>
<arguments>
<arg>${SIGN_IN_EMAIL}</arg>
<arg>${Credentials[0]}</arg>
</arguments>
<msg timestamp="20181003 23:21:10.871" level="INFO">Typing text 'anusngh1986@gmail.com' into text field 'xpath=//INPUT[@id='user_email']'.</msg>
<status status="PASS" starttime="20181003 23:21:10.870" endtime="20181003 23:21:11.451"></status>
</kw>
<status status="PASS" starttime="20181003 23:21:10.869" endtime="20181003 23:21:11.452"></status>
</kw>
<kw name="Run Keyword Unless" library="BuiltIn">
<doc>Runs the given keyword with the given arguments, if ``condition`` is false.</doc>
<arguments>
<arg>'${Credentials[1]}' == '#BLANK'</arg>
<arg>Input Text</arg>
<arg>${SIGN_IN_PASSWORD}</arg>
<arg>${Credentials[1]}</arg>
</arguments>
<kw name="Input Text" library="Selenium2Library">
<doc>Types the given ``text`` into text field identified by ``locator``.</doc>
<arguments>
<arg>${SIGN_IN_PASSWORD}</arg>
<arg>${Credentials[1]}</arg>
</arguments>
<msg timestamp="20181003 23:21:11.454" level="INFO">Typing text 'getsetgo' into text field 'xpath=//INPUT[@id='user_password']'.</msg>
<status status="PASS" starttime="20181003 23:21:11.453" endtime="20181003 23:21:11.765"></status>
</kw>
<status status="PASS" starttime="20181003 23:21:11.452" endtime="20181003 23:21:11.765"></status>
</kw>
<status status="PASS" starttime="20181003 23:21:10.868" endtime="20181003 23:21:11.765"></status>
</kw>
<kw name="Click Submit" library="SignIn">
<kw name="Click Button" library="Selenium2Library">
<doc>Clicks button identified by ``locator``.</doc>
<arguments>
<arg>${LOGIN_SUBMIT_BUTTON}</arg>
</arguments>
<msg timestamp="20181003 23:21:11.767" level="INFO">Clicking button 'xpath=(//INPUT[@type='submit'])[1]'.</msg>
<status status="PASS" starttime="20181003 23:21:11.767" endtime="20181003 23:21:12.424"></status>
</kw>
<status status="PASS" starttime="20181003 23:21:11.766" endtime="20181003 23:21:12.424"></status>
</kw>
<kw name="Sleep" library="BuiltIn">
<doc>Pauses the test executed for the given time.</doc>
<arguments>
<arg>1s</arg>
</arguments>
<msg timestamp="20181003 23:21:13.425" level="INFO">Slept 1 second</msg>
<status status="PASS" starttime="20181003 23:21:12.424" endtime="20181003 23:21:13.425"></status>
</kw>
<status status="PASS" starttime="20181003 23:21:10.867" endtime="20181003 23:21:13.425"></status>
</kw>
<status status="PASS" starttime="20181003 23:21:10.866" endtime="20181003 23:21:13.426"></status>
</kw>
<kw name="Run Keyword And Continue On Failure" library="BuiltIn">
<doc>Runs the keyword and continues execution even if a failure occurs.</doc>
<arguments>
<arg>Verify Login Page Error Message</arg>
<arg>${LoginScenario}</arg>
</arguments>
<kw name="Verify Login Page Error Message" library="WeatherSignIn">
<arguments>
<arg>${LoginScenario}</arg>
</arguments>
<kw name="Verify Error Message" library="SignIn">
<arguments>
<arg>${ExpectedErrorMessage}</arg>
</arguments>
<kw name="Page Should Contain" library="Selenium2Library">
<doc>Verifies that current page contains ``text``.</doc>
<arguments>
<arg>${ExpectedErrorMessage[2]}</arg>
</arguments>
<msg timestamp="20181003 23:21:13.448" level="INFO">Current page contains text 'Invalid Email or password'.</msg>
<status status="PASS" starttime="20181003 23:21:13.428" endtime="20181003 23:21:13.448"></status>
</kw>
<status status="PASS" starttime="20181003 23:21:13.427" endtime="20181003 23:21:13.448"></status>
</kw>
<status status="PASS" starttime="20181003 23:21:13.426" endtime="20181003 23:21:13.448"></status>
</kw>
<status status="PASS" starttime="20181003 23:21:13.426" endtime="20181003 23:21:13.448"></status>
</kw>
<status status="PASS" starttime="20181003 23:21:09.899" endtime="20181003 23:21:13.448"></status>
</kw>
<kw name="${LoginScenario} = ['#BLANK', '#BLANK', 'Invalid Email or password']" type="foritem">
<kw name="Run Keyword And Continue On Failure" library="BuiltIn">
<doc>Runs the keyword and continues execution even if a failure occurs.</doc>
<arguments>
<arg>SignIn.Navigate To</arg>
</arguments>
<kw name="Navigate To" library="SignIn">
<kw name="Catenate" library="BuiltIn">
<doc>Catenates the given items together and returns the resulted string.</doc>
<arguments>
<arg>SEPARATOR=/</arg>
<arg>${HOME_BASE_URL.${ENVIRONMENT}}</arg>
<arg>${LOGIN_URL}</arg>
</arguments>
<assign>
<var>${SignInUrl}</var>
</assign>
<msg timestamp="20181003 23:21:13.448" level="INFO">${SignInUrl} = https://home.openweathermap.org/users/sign_in</msg>
<status status="PASS" starttime="20181003 23:21:13.448" endtime="20181003 23:21:13.448"></status>
</kw>
<kw name="Go To" library="Selenium2Library">
<doc>Navigates the active browser instance to the provided ``url``.</doc>
<arguments>
<arg>${SignInUrl}</arg>
</arguments>
<msg timestamp="20181003 23:21:13.448" level="INFO">Opening url 'https://home.openweathermap.org/users/sign_in'</msg>
<status status="PASS" starttime="20181003 23:21:13.448" endtime="20181003 23:21:14.099"></status>
</kw>
<status status="PASS" starttime="20181003 23:21:13.448" endtime="20181003 23:21:14.100"></status>
</kw>
<status status="PASS" starttime="20181003 23:21:13.448" endtime="20181003 23:21:14.100"></status>
</kw>
<kw name="Run Keyword And Continue On Failure" library="BuiltIn">
<doc>Runs the keyword and continues execution even if a failure occurs.</doc>
<arguments>
<arg>Attempt Login</arg>
<arg>${LoginScenario}</arg>
</arguments>
<kw name="Attempt Login" library="WeatherSignIn">
<arguments>
<arg>${LoginScenario}</arg>
</arguments>
<kw name="Enter Credentials" library="SignIn">
<arguments>
<arg>${Credentials}</arg>
</arguments>
<kw name="Run Keyword Unless" library="BuiltIn">
<doc>Runs the given keyword with the given arguments, if ``condition`` is false.</doc>
<arguments>
<arg>'${Credentials[0]}' == '#BLANK'</arg>
<arg>Input Text</arg>
<arg>${SIGN_IN_EMAIL}</arg>
<arg>${Credentials[0]}</arg>
</arguments>
<status status="PASS" starttime="20181003 23:21:14.102" endtime="20181003 23:21:14.103"></status>
</kw>
<kw name="Run Keyword Unless" library="BuiltIn">
<doc>Runs the given keyword with the given arguments, if ``condition`` is false.</doc>
<arguments>
<arg>'${Credentials[1]}' == '#BLANK'</arg>
<arg>Input Text</arg>
<arg>${SIGN_IN_PASSWORD}</arg>
<arg>${Credentials[1]}</arg>
</arguments>
<status status="PASS" starttime="20181003 23:21:14.103" endtime="20181003 23:21:14.104"></status>
</kw>
<status status="PASS" starttime="20181003 23:21:14.101" endtime="20181003 23:21:14.104"></status>
</kw>
<kw name="Click Submit" library="SignIn">
<kw name="Click Button" library="Selenium2Library">
<doc>Clicks button identified by ``locator``.</doc>
<arguments>
<arg>${LOGIN_SUBMIT_BUTTON}</arg>
</arguments>
<msg timestamp="20181003 23:21:14.105" level="INFO">Clicking button 'xpath=(//INPUT[@type='submit'])[1]'.</msg>
<status status="PASS" starttime="20181003 23:21:14.105" endtime="20181003 23:21:14.844"></status>
</kw>
<status status="PASS" starttime="20181003 23:21:14.104" endtime="20181003 23:21:14.844"></status>
</kw>
<kw name="Sleep" library="BuiltIn">
<doc>Pauses the test executed for the given time.</doc>
<arguments>
<arg>1s</arg>
</arguments>
<msg timestamp="20181003 23:21:15.845" level="INFO">Slept 1 second</msg>
<status status="PASS" starttime="20181003 23:21:14.845" endtime="20181003 23:21:15.845"></status>
</kw>
<status status="PASS" starttime="20181003 23:21:14.101" endtime="20181003 23:21:15.846"></status>
</kw>
<status status="PASS" starttime="20181003 23:21:14.100" endtime="20181003 23:21:15.846"></status>
</kw>
<kw name="Run Keyword And Continue On Failure" library="BuiltIn">
<doc>Runs the keyword and continues execution even if a failure occurs.</doc>
<arguments>
<arg>Verify Login Page Error Message</arg>
<arg>${LoginScenario}</arg>
</arguments>
<kw name="Verify Login Page Error Message" library="WeatherSignIn">
<arguments>
<arg>${LoginScenario}</arg>
</arguments>
<kw name="Verify Error Message" library="SignIn">
<arguments>
<arg>${ExpectedErrorMessage}</arg>
</arguments>
<kw name="Page Should Contain" library="Selenium2Library">
<doc>Verifies that current page contains ``text``.</doc>
<arguments>
<arg>${ExpectedErrorMessage[2]}</arg>
</arguments>
<msg timestamp="20181003 23:21:15.880" level="INFO">Current page contains text 'Invalid Email or password'.</msg>
<status status="PASS" starttime="20181003 23:21:15.851" endtime="20181003 23:21:15.896"></status>
</kw>
<status status="PASS" starttime="20181003 23:21:15.849" endtime="20181003 23:21:15.896"></status>
</kw>
<status status="PASS" starttime="20181003 23:21:15.848" endtime="20181003 23:21:15.896"></status>
</kw>
<status status="PASS" starttime="20181003 23:21:15.847" endtime="20181003 23:21:15.896"></status>
</kw>
<status status="PASS" starttime="20181003 23:21:13.448" endtime="20181003 23:21:15.896"></status>
</kw>
<status status="PASS" starttime="20181003 23:21:02.004" endtime="20181003 23:21:15.896"></status>
</kw>
<status status="PASS" starttime="20181003 23:21:02.003" endtime="20181003 23:21:15.896"></status>
</kw>
<kw name="End Web Test" library="Common" type="teardown">
<kw name="Close All Browsers" library="Selenium2Library">
<doc>Closes all open browsers and resets the browser cache.</doc>
<status status="PASS" starttime="20181003 23:21:15.896" endtime="20181003 23:21:19.190"></status>
</kw>
<status status="PASS" starttime="20181003 23:21:15.896" endtime="20181003 23:21:19.190"></status>
</kw>
<status status="PASS" starttime="20181003 23:20:52.045" endtime="20181003 23:21:19.191" critical="yes"></status>
</test>
<doc>Demo Weather page testing using Robot-framework for invalid login</doc>
<status status="PASS" starttime="20181003 23:20:51.992" endtime="20181003 23:21:19.197"></status>
</suite>
<status status="PASS" starttime="20181003 23:19:25.663" endtime="20181003 23:21:19.216"></status>
</suite>
<statistics>
<total>
<stat pass="4" fail="0">Critical Tests</stat>
<stat pass="4" fail="0">All Tests</stat>
</total>
<tag>
</tag>
<suite>
<stat pass="4" fail="0" id="s1" name="InvalidCityTest &amp; PageLink Validation &amp; ValidCityTest &amp; WeatherInvalidLogin">InvalidCityTest &amp; PageLink Validation &amp; ValidCityTest &amp; WeatherInvalidLogin</stat>
<stat pass="1" fail="0" id="s1-s1" name="InvalidCityTest">InvalidCityTest &amp; PageLink Validation &amp; ValidCityTest &amp; WeatherInvalidLogin.InvalidCityTest</stat>
<stat pass="1" fail="0" id="s1-s2" name="PageLink Validation">InvalidCityTest &amp; PageLink Validation &amp; ValidCityTest &amp; WeatherInvalidLogin.PageLink Validation</stat>
<stat pass="1" fail="0" id="s1-s3" name="ValidCityTest">InvalidCityTest &amp; PageLink Validation &amp; ValidCityTest &amp; WeatherInvalidLogin.ValidCityTest</stat>
<stat pass="1" fail="0" id="s1-s4" name="WeatherInvalidLogin">InvalidCityTest &amp; PageLink Validation &amp; ValidCityTest &amp; WeatherInvalidLogin.WeatherInvalidLogin</stat>
</suite>
</statistics>
<errors>
<msg timestamp="20181003 23:20:09.095" level="WARN">Keyword 'Selenium2Library.Get Matching Xpath Count' is deprecated. Use `Get Element Count` instead.</msg>
</errors>
</robot>
